Playing ./reconstructed_test_train_midi/schubert/split/schubert_mono_split_1.mid
MIDI file: ./reconstructed_test_train_midi/schubert/split/schubert_mono_split_1.mid
Format: 1  Tracks: 1  Divisions: 1024
Sequence: Piano
Playing time: ~57 seconds
Notes cut: 0
Notes lost totally: 0
Playing ./reconstructed_test_train_midi/schubert/split/schubert_mono_split_2.mid
MIDI file: ./reconstructed_test_train_midi/schubert/split/schubert_mono_split_2.mid
Format: 1  Tracks: 1  Divisions: 1024
Sequence: Piano
Playing time: ~61 seconds
Notes cut: 0
Notes lost totally: 0
Playing ./reconstructed_test_train_midi/schubert/split/schubert_mono_split_3.mid
MIDI file: ./reconstructed_test_train_midi/schubert/split/schubert_mono_split_3.mid
Format: 1  Tracks: 1  Divisions: 1024
Sequence: Piano
Playing time: ~99 seconds
Notes cut: 0
Notes lost totally: 0
Playing ./reconstructed_test_train_midi/schubert/split/schubert_mono_split_4.mid
MIDI file: ./reconstructed_test_train_midi/schubert/split/schubert_mono_split_4.mid
Format: 1  Tracks: 1  Divisions: 1024
Sequence: Piano
Playing time: ~511 seconds
Notes cut: 0
Notes lost totally: 0
