Playing ./reconstructed_test_train_midi/schubert/train/schubert_mono_train_1.mid
MIDI file: ./reconstructed_test_train_midi/schubert/train/schubert_mono_train_1.mid
Format: 1  Tracks: 1  Divisions: 1024
Sequence: Piano
Playing time: ~208 seconds
Notes cut: 0
Notes lost totally: 0
Playing ./reconstructed_test_train_midi/schubert/train/schubert_mono_train_10.mid
MIDI file: ./reconstructed_test_train_midi/schubert/train/schubert_mono_train_10.mid
Format: 1  Tracks: 1  Divisions: 1024
Sequence: Piano
Playing time: ~324 seconds
Notes cut: 0
Notes lost totally: 0
Playing ./reconstructed_test_train_midi/schubert/train/schubert_mono_train_100.mid
MIDI file: ./reconstructed_test_train_midi/schubert/train/schubert_mono_train_100.mid
Format: 1  Tracks: 1  Divisions: 1024
Sequence: Piano
Playing time: ~57 seconds
Notes cut: 0
Notes lost totally: 0
Playing ./reconstructed_test_train_midi/schubert/train/schubert_mono_train_101.mid
MIDI file: ./reconstructed_test_train_midi/schubert/train/schubert_mono_train_101.mid
Format: 1  Tracks: 1  Divisions: 1024
Sequence: Piano
Playing time: ~61 seconds
Notes cut: 0
Notes lost totally: 0
Playing ./reconstructed_test_train_midi/schubert/train/schubert_mono_train_102.mid
MIDI file: ./reconstructed_test_train_midi/schubert/train/schubert_mono_train_102.mid
Format: 1  Tracks: 1  Divisions: 1024
Sequence: Piano
Playing time: ~99 seconds
Notes cut: 0
Notes lost totally: 0
Playing ./reconstructed_test_train_midi/schubert/train/schubert_mono_train_103.mid
MIDI file: ./reconstructed_test_train_midi/schubert/train/schubert_mono_train_103.mid
Format: 1  Tracks: 1  Divisions: 1024
Sequence: Piano
Playing time: ~511 seconds
Notes cut: 0
Notes lost totally: 0
Playing ./reconstructed_test_train_midi/schubert/train/schubert_mono_train_11.mid
MIDI file: ./reconstructed_test_train_midi/schubert/train/schubert_mono_train_11.mid
Format: 1  Tracks: 1  Divisions: 1024
Sequence: Piano
Playing time: ~117 seconds
Notes cut: 0
Notes lost totally: 0
Playing ./reconstructed_test_train_midi/schubert/train/schubert_mono_train_12.mid
MIDI file: ./reconstructed_test_train_midi/schubert/train/schubert_mono_train_12.mid
Format: 1  Tracks: 1  Divisions: 1024
Sequence: Piano
Playing time: ~1024 seconds
Notes cut: 0
Notes lost totally: 0
Playing ./reconstructed_test_train_midi/schubert/train/schubert_mono_train_13.mid
MIDI file: ./reconstructed_test_train_midi/schubert/train/schubert_mono_train_13.mid
Format: 1  Tracks: 1  Divisions: 1024
Sequence: Piano
Playing time: ~216 seconds
Notes cut: 0
Notes lost totally: 0
Playing ./reconstructed_test_train_midi/schubert/train/schubert_mono_train_14.mid
MIDI file: ./reconstructed_test_train_midi/schubert/train/schubert_mono_train_14.mid
Format: 1  Tracks: 1  Divisions: 1024
Sequence: Piano
Playing time: ~454 seconds
Notes cut: 0
Notes lost totally: 0
Playing ./reconstructed_test_train_midi/schubert/train/schubert_mono_train_15.mid
MIDI file: ./reconstructed_test_train_midi/schubert/train/schubert_mono_train_15.mid
Format: 1  Tracks: 1  Divisions: 1024
Sequence: Piano
Playing time: ~60 seconds
Notes cut: 0
Notes lost totally: 0
Playing ./reconstructed_test_train_midi/schubert/train/schubert_mono_train_16.mid
MIDI file: ./reconstructed_test_train_midi/schubert/train/schubert_mono_train_16.mid
Format: 1  Tracks: 1  Divisions: 1024
Sequence: Piano
Playing time: ~580 seconds
Notes cut: 0
Notes lost totally: 0
Playing ./reconstructed_test_train_midi/schubert/train/schubert_mono_train_17.mid
MIDI file: ./reconstructed_test_train_midi/schubert/train/schubert_mono_train_17.mid
Format: 1  Tracks: 1  Divisions: 1024
Sequence: Piano
Playing time: ~258 seconds
Notes cut: 0
Notes lost totally: 0
Playing ./reconstructed_test_train_midi/schubert/train/schubert_mono_train_18.mid
MIDI file: ./reconstructed_test_train_midi/schubert/train/schubert_mono_train_18.mid
Format: 1  Tracks: 1  Divisions: 1024
Sequence: Piano
Playing time: ~393 seconds
Notes cut: 0
Notes lost totally: 0
Playing ./reconstructed_test_train_midi/schubert/train/schubert_mono_train_19.mid
MIDI file: ./reconstructed_test_train_midi/schubert/train/schubert_mono_train_19.mid
Format: 1  Tracks: 1  Divisions: 1024
Sequence: Piano
Playing time: ~91 seconds
Notes cut: 0
Notes lost totally: 0
Playing ./reconstructed_test_train_midi/schubert/train/schubert_mono_train_2.mid
MIDI file: ./reconstructed_test_train_midi/schubert/train/schubert_mono_train_2.mid
Format: 1  Tracks: 1  Divisions: 1024
Sequence: Piano
Playing time: ~346 seconds
Notes cut: 0
Notes lost totally: 0
Playing ./reconstructed_test_train_midi/schubert/train/schubert_mono_train_20.mid
MIDI file: ./reconstructed_test_train_midi/schubert/train/schubert_mono_train_20.mid
Format: 1  Tracks: 1  Divisions: 1024
Sequence: Piano
Playing time: ~298 seconds
Notes cut: 0
Notes lost totally: 0
Playing ./reconstructed_test_train_midi/schubert/train/schubert_mono_train_21.mid
MIDI file: ./reconstructed_test_train_midi/schubert/train/schubert_mono_train_21.mid
Format: 1  Tracks: 1  Divisions: 1024
Sequence: Piano
Playing time: ~87 seconds
Notes cut: 0
Notes lost totally: 0
Playing ./reconstructed_test_train_midi/schubert/train/schubert_mono_train_22.mid
MIDI file: ./reconstructed_test_train_midi/schubert/train/schubert_mono_train_22.mid
Format: 1  Tracks: 1  Divisions: 1024
Sequence: Piano
Playing time: ~407 seconds
Notes cut: 0
Notes lost totally: 0
Playing ./reconstructed_test_train_midi/schubert/train/schubert_mono_train_23.mid
MIDI file: ./reconstructed_test_train_midi/schubert/train/schubert_mono_train_23.mid
Format: 1  Tracks: 1  Divisions: 1024
Sequence: Piano
Playing time: ~478 seconds
Notes cut: 0
Notes lost totally: 0
Playing ./reconstructed_test_train_midi/schubert/train/schubert_mono_train_24.mid
MIDI file: ./reconstructed_test_train_midi/schubert/train/schubert_mono_train_24.mid
Format: 1  Tracks: 1  Divisions: 1024
Sequence: Piano
Playing time: ~483 seconds
Notes cut: 0
Notes lost totally: 0
Playing ./reconstructed_test_train_midi/schubert/train/schubert_mono_train_25.mid
MIDI file: ./reconstructed_test_train_midi/schubert/train/schubert_mono_train_25.mid
Format: 1  Tracks: 1  Divisions: 1024
Sequence: Piano
Playing time: ~374 seconds
Notes cut: 0
Notes lost totally: 0
Playing ./reconstructed_test_train_midi/schubert/train/schubert_mono_train_26.mid
MIDI file: ./reconstructed_test_train_midi/schubert/train/schubert_mono_train_26.mid
Format: 1  Tracks: 1  Divisions: 1024
Sequence: Piano
Playing time: ~709 seconds
Notes cut: 0
Notes lost totally: 0
Playing ./reconstructed_test_train_midi/schubert/train/schubert_mono_train_27.mid
MIDI file: ./reconstructed_test_train_midi/schubert/train/schubert_mono_train_27.mid
Format: 1  Tracks: 1  Divisions: 1024
Sequence: Piano
Playing time: ~15 seconds
Notes cut: 0
Notes lost totally: 0
Playing ./reconstructed_test_train_midi/schubert/train/schubert_mono_train_28.mid
MIDI file: ./reconstructed_test_train_midi/schubert/train/schubert_mono_train_28.mid
Format: 1  Tracks: 1  Divisions: 1024
Sequence: Piano
Playing time: ~1387 seconds
Notes cut: 0
Notes lost totally: 0
Playing ./reconstructed_test_train_midi/schubert/train/schubert_mono_train_29.mid
MIDI file: ./reconstructed_test_train_midi/schubert/train/schubert_mono_train_29.mid
Format: 1  Tracks: 1  Divisions: 1024
Sequence: Piano
Playing time: ~403 seconds
Notes cut: 0
Notes lost totally: 0
Playing ./reconstructed_test_train_midi/schubert/train/schubert_mono_train_3.mid
MIDI file: ./reconstructed_test_train_midi/schubert/train/schubert_mono_train_3.mid
Format: 1  Tracks: 1  Divisions: 1024
Sequence: Piano
Playing time: ~271 seconds
Notes cut: 0
Notes lost totally: 0
Playing ./reconstructed_test_train_midi/schubert/train/schubert_mono_train_30.mid
MIDI file: ./reconstructed_test_train_midi/schubert/train/schubert_mono_train_30.mid
Format: 1  Tracks: 1  Divisions: 1024
Sequence: Piano
Playing time: ~110 seconds
Notes cut: 0
Notes lost totally: 0
Playing ./reconstructed_test_train_midi/schubert/train/schubert_mono_train_31.mid
MIDI file: ./reconstructed_test_train_midi/schubert/train/schubert_mono_train_31.mid
Format: 1  Tracks: 1  Divisions: 1024
Sequence: Piano
Playing time: ~563 seconds
Notes cut: 0
Notes lost totally: 0
Playing ./reconstructed_test_train_midi/schubert/train/schubert_mono_train_32.mid
MIDI file: ./reconstructed_test_train_midi/schubert/train/schubert_mono_train_32.mid
Format: 1  Tracks: 1  Divisions: 1024
Sequence: Piano
Playing time: ~164 seconds
Notes cut: 0
Notes lost totally: 0
Playing ./reconstructed_test_train_midi/schubert/train/schubert_mono_train_33.mid
MIDI file: ./reconstructed_test_train_midi/schubert/train/schubert_mono_train_33.mid
Format: 1  Tracks: 1  Divisions: 1024
Sequence: Piano
Playing time: ~140 seconds
Notes cut: 0
Notes lost totally: 0
Playing ./reconstructed_test_train_midi/schubert/train/schubert_mono_train_34.mid
MIDI file: ./reconstructed_test_train_midi/schubert/train/schubert_mono_train_34.mid
Format: 1  Tracks: 1  Divisions: 1024
Sequence: Piano
Playing time: ~309 seconds
Notes cut: 0
Notes lost totally: 0
Playing ./reconstructed_test_train_midi/schubert/train/schubert_mono_train_35.mid
MIDI file: ./reconstructed_test_train_midi/schubert/train/schubert_mono_train_35.mid
Format: 1  Tracks: 1  Divisions: 1024
Sequence: Piano
Playing time: ~202 seconds
Notes cut: 0
Notes lost totally: 0
Playing ./reconstructed_test_train_midi/schubert/train/schubert_mono_train_36.mid
MIDI file: ./reconstructed_test_train_midi/schubert/train/schubert_mono_train_36.mid
Format: 1  Tracks: 1  Divisions: 1024
Sequence: Piano
Playing time: ~285 seconds
Notes cut: 0
Notes lost totally: 0
Playing ./reconstructed_test_train_midi/schubert/train/schubert_mono_train_37.mid
MIDI file: ./reconstructed_test_train_midi/schubert/train/schubert_mono_train_37.mid
Format: 1  Tracks: 1  Divisions: 1024
Sequence: Piano
Playing time: ~620 seconds
Notes cut: 0
Notes lost totally: 0
Playing ./reconstructed_test_train_midi/schubert/train/schubert_mono_train_38.mid
MIDI file: ./reconstructed_test_train_midi/schubert/train/schubert_mono_train_38.mid
Format: 1  Tracks: 1  Divisions: 1024
Sequence: Piano
Playing time: ~632 seconds
Notes cut: 0
Notes lost totally: 0
Playing ./reconstructed_test_train_midi/schubert/train/schubert_mono_train_39.mid
MIDI file: ./reconstructed_test_train_midi/schubert/train/schubert_mono_train_39.mid
Format: 1  Tracks: 1  Divisions: 1024
Sequence: Piano
Playing time: ~436 seconds
Notes cut: 0
Notes lost totally: 0
Playing ./reconstructed_test_train_midi/schubert/train/schubert_mono_train_4.mid
MIDI file: ./reconstructed_test_train_midi/schubert/train/schubert_mono_train_4.mid
Format: 1  Tracks: 1  Divisions: 1024
Sequence: Piano
Playing time: ~631 seconds
Notes cut: 0
Notes lost totally: 0
Playing ./reconstructed_test_train_midi/schubert/train/schubert_mono_train_40.mid
MIDI file: ./reconstructed_test_train_midi/schubert/train/schubert_mono_train_40.mid
Format: 1  Tracks: 1  Divisions: 1024
Sequence: Piano
Playing time: ~295 seconds
Notes cut: 0
Notes lost totally: 0
Playing ./reconstructed_test_train_midi/schubert/train/schubert_mono_train_41.mid
MIDI file: ./reconstructed_test_train_midi/schubert/train/schubert_mono_train_41.mid
Format: 1  Tracks: 1  Divisions: 1024
Sequence: Piano
Playing time: ~424 seconds
Notes cut: 0
Notes lost totally: 0
Playing ./reconstructed_test_train_midi/schubert/train/schubert_mono_train_42.mid
MIDI file: ./reconstructed_test_train_midi/schubert/train/schubert_mono_train_42.mid
Format: 1  Tracks: 1  Divisions: 1024
Sequence: Piano
Playing time: ~577 seconds
Notes cut: 0
Notes lost totally: 0
Playing ./reconstructed_test_train_midi/schubert/train/schubert_mono_train_43.mid
MIDI file: ./reconstructed_test_train_midi/schubert/train/schubert_mono_train_43.mid
Format: 1  Tracks: 1  Divisions: 1024
Sequence: Piano
Playing time: ~311 seconds
Notes cut: 0
Notes lost totally: 0
Playing ./reconstructed_test_train_midi/schubert/train/schubert_mono_train_44.mid
MIDI file: ./reconstructed_test_train_midi/schubert/train/schubert_mono_train_44.mid
Format: 1  Tracks: 1  Divisions: 1024
Sequence: Piano
Playing time: ~423 seconds
Notes cut: 0
Notes lost totally: 0
Playing ./reconstructed_test_train_midi/schubert/train/schubert_mono_train_45.mid
MIDI file: ./reconstructed_test_train_midi/schubert/train/schubert_mono_train_45.mid
Format: 1  Tracks: 1  Divisions: 1024
Sequence: Piano
Playing time: ~281 seconds
Notes cut: 0
Notes lost totally: 0
Playing ./reconstructed_test_train_midi/schubert/train/schubert_mono_train_46.mid
MIDI file: ./reconstructed_test_train_midi/schubert/train/schubert_mono_train_46.mid
Format: 1  Tracks: 1  Divisions: 1024
Sequence: Piano
Playing time: ~440 seconds
Notes cut: 0
Notes lost totally: 0
Playing ./reconstructed_test_train_midi/schubert/train/schubert_mono_train_47.mid
MIDI file: ./reconstructed_test_train_midi/schubert/train/schubert_mono_train_47.mid
Format: 1  Tracks: 1  Divisions: 1024
Sequence: Piano
Playing time: ~307 seconds
Notes cut: 0
Notes lost totally: 0
Playing ./reconstructed_test_train_midi/schubert/train/schubert_mono_train_48.mid
MIDI file: ./reconstructed_test_train_midi/schubert/train/schubert_mono_train_48.mid
Format: 1  Tracks: 1  Divisions: 1024
Sequence: Piano
Playing time: ~151 seconds
Notes cut: 0
Notes lost totally: 0
Playing ./reconstructed_test_train_midi/schubert/train/schubert_mono_train_49.mid
MIDI file: ./reconstructed_test_train_midi/schubert/train/schubert_mono_train_49.mid
Format: 1  Tracks: 1  Divisions: 1024
Sequence: Piano
Playing time: ~300 seconds
Notes cut: 0
Notes lost totally: 0
Playing ./reconstructed_test_train_midi/schubert/train/schubert_mono_train_5.mid
MIDI file: ./reconstructed_test_train_midi/schubert/train/schubert_mono_train_5.mid
Format: 1  Tracks: 1  Divisions: 1024
Sequence: Piano
Playing time: ~427 seconds
Notes cut: 0
Notes lost totally: 0
Playing ./reconstructed_test_train_midi/schubert/train/schubert_mono_train_50.mid
MIDI file: ./reconstructed_test_train_midi/schubert/train/schubert_mono_train_50.mid
Format: 1  Tracks: 1  Divisions: 1024
Sequence: Piano
Playing time: ~462 seconds
Notes cut: 0
Notes lost totally: 0
Playing ./reconstructed_test_train_midi/schubert/train/schubert_mono_train_51.mid
MIDI file: ./reconstructed_test_train_midi/schubert/train/schubert_mono_train_51.mid
Format: 1  Tracks: 1  Divisions: 1024
Sequence: Piano
Playing time: ~281 seconds
Notes cut: 0
Notes lost totally: 0
Playing ./reconstructed_test_train_midi/schubert/train/schubert_mono_train_52.mid
MIDI file: ./reconstructed_test_train_midi/schubert/train/schubert_mono_train_52.mid
Format: 1  Tracks: 1  Divisions: 1024
Sequence: Piano
Playing time: ~166 seconds
Notes cut: 0
Notes lost totally: 0
Playing ./reconstructed_test_train_midi/schubert/train/schubert_mono_train_53.mid
MIDI file: ./reconstructed_test_train_midi/schubert/train/schubert_mono_train_53.mid
Format: 1  Tracks: 1  Divisions: 1024
Sequence: Piano
Playing time: ~76 seconds
Notes cut: 0
Notes lost totally: 0
Playing ./reconstructed_test_train_midi/schubert/train/schubert_mono_train_54.mid
MIDI file: ./reconstructed_test_train_midi/schubert/train/schubert_mono_train_54.mid
Format: 1  Tracks: 1  Divisions: 1024
Sequence: Piano
Playing time: ~172 seconds
Notes cut: 0
Notes lost totally: 0
Playing ./reconstructed_test_train_midi/schubert/train/schubert_mono_train_55.mid
MIDI file: ./reconstructed_test_train_midi/schubert/train/schubert_mono_train_55.mid
Format: 1  Tracks: 1  Divisions: 1024
Sequence: Piano
Playing time: ~69 seconds
Notes cut: 0
Notes lost totally: 0
Playing ./reconstructed_test_train_midi/schubert/train/schubert_mono_train_56.mid
MIDI file: ./reconstructed_test_train_midi/schubert/train/schubert_mono_train_56.mid
Format: 1  Tracks: 1  Divisions: 1024
Sequence: Piano
Playing time: ~324 seconds
Notes cut: 0
Notes lost totally: 0
Playing ./reconstructed_test_train_midi/schubert/train/schubert_mono_train_57.mid
MIDI file: ./reconstructed_test_train_midi/schubert/train/schubert_mono_train_57.mid
Format: 1  Tracks: 1  Divisions: 1024
Sequence: Piano
Playing time: ~459 seconds
Notes cut: 0
Notes lost totally: 0
Playing ./reconstructed_test_train_midi/schubert/train/schubert_mono_train_58.mid
MIDI file: ./reconstructed_test_train_midi/schubert/train/schubert_mono_train_58.mid
Format: 1  Tracks: 1  Divisions: 1024
Sequence: Piano
Playing time: ~78 seconds
Notes cut: 0
Notes lost totally: 0
Playing ./reconstructed_test_train_midi/schubert/train/schubert_mono_train_59.mid
MIDI file: ./reconstructed_test_train_midi/schubert/train/schubert_mono_train_59.mid
Format: 1  Tracks: 1  Divisions: 1024
Sequence: Piano
Playing time: ~86 seconds
Notes cut: 0
Notes lost totally: 0
Playing ./reconstructed_test_train_midi/schubert/train/schubert_mono_train_6.mid
MIDI file: ./reconstructed_test_train_midi/schubert/train/schubert_mono_train_6.mid
Format: 1  Tracks: 1  Divisions: 1024
Sequence: Piano
Playing time: ~181 seconds
Notes cut: 0
Notes lost totally: 0
Playing ./reconstructed_test_train_midi/schubert/train/schubert_mono_train_60.mid
MIDI file: ./reconstructed_test_train_midi/schubert/train/schubert_mono_train_60.mid
Format: 1  Tracks: 1  Divisions: 1024
Sequence: Piano
Playing time: ~319 seconds
Notes cut: 0
Notes lost totally: 0
Playing ./reconstructed_test_train_midi/schubert/train/schubert_mono_train_61.mid
MIDI file: ./reconstructed_test_train_midi/schubert/train/schubert_mono_train_61.mid
Format: 1  Tracks: 1  Divisions: 1024
Sequence: Piano
Playing time: ~143 seconds
Notes cut: 0
Notes lost totally: 0
Playing ./reconstructed_test_train_midi/schubert/train/schubert_mono_train_62.mid
MIDI file: ./reconstructed_test_train_midi/schubert/train/schubert_mono_train_62.mid
Format: 1  Tracks: 1  Divisions: 1024
Sequence: Piano
Playing time: ~341 seconds
Notes cut: 0
Notes lost totally: 0
Playing ./reconstructed_test_train_midi/schubert/train/schubert_mono_train_63.mid
MIDI file: ./reconstructed_test_train_midi/schubert/train/schubert_mono_train_63.mid
Format: 1  Tracks: 1  Divisions: 1024
Sequence: Piano
Playing time: ~172 seconds
Notes cut: 0
Notes lost totally: 0
Playing ./reconstructed_test_train_midi/schubert/train/schubert_mono_train_64.mid
MIDI file: ./reconstructed_test_train_midi/schubert/train/schubert_mono_train_64.mid
Format: 1  Tracks: 1  Divisions: 1024
Sequence: Piano
Playing time: ~191 seconds
Notes cut: 0
Notes lost totally: 0
Playing ./reconstructed_test_train_midi/schubert/train/schubert_mono_train_65.mid
MIDI file: ./reconstructed_test_train_midi/schubert/train/schubert_mono_train_65.mid
Format: 1  Tracks: 1  Divisions: 1024
Sequence: Piano
Playing time: ~123 seconds
Notes cut: 0
Notes lost totally: 0
Playing ./reconstructed_test_train_midi/schubert/train/schubert_mono_train_66.mid
MIDI file: ./reconstructed_test_train_midi/schubert/train/schubert_mono_train_66.mid
Format: 1  Tracks: 1  Divisions: 1024
Sequence: Piano
Playing time: ~117 seconds
Notes cut: 0
Notes lost totally: 0
Playing ./reconstructed_test_train_midi/schubert/train/schubert_mono_train_67.mid
MIDI file: ./reconstructed_test_train_midi/schubert/train/schubert_mono_train_67.mid
Format: 1  Tracks: 1  Divisions: 1024
Sequence: Piano
Playing time: ~52 seconds
Notes cut: 0
Notes lost totally: 0
Playing ./reconstructed_test_train_midi/schubert/train/schubert_mono_train_68.mid
MIDI file: ./reconstructed_test_train_midi/schubert/train/schubert_mono_train_68.mid
Format: 1  Tracks: 1  Divisions: 1024
Sequence: Piano
Playing time: ~202 seconds
Notes cut: 0
Notes lost totally: 0
Playing ./reconstructed_test_train_midi/schubert/train/schubert_mono_train_69.mid
MIDI file: ./reconstructed_test_train_midi/schubert/train/schubert_mono_train_69.mid
Format: 1  Tracks: 1  Divisions: 1024
Sequence: Piano
Playing time: ~195 seconds
Notes cut: 0
Notes lost totally: 0
Playing ./reconstructed_test_train_midi/schubert/train/schubert_mono_train_7.mid
MIDI file: ./reconstructed_test_train_midi/schubert/train/schubert_mono_train_7.mid
Format: 1  Tracks: 1  Divisions: 1024
Sequence: Piano
Playing time: ~167 seconds
Notes cut: 0
Notes lost totally: 0
Playing ./reconstructed_test_train_midi/schubert/train/schubert_mono_train_70.mid
MIDI file: ./reconstructed_test_train_midi/schubert/train/schubert_mono_train_70.mid
Format: 1  Tracks: 1  Divisions: 1024
Sequence: Piano
Playing time: ~225 seconds
Notes cut: 0
Notes lost totally: 0
Playing ./reconstructed_test_train_midi/schubert/train/schubert_mono_train_71.mid
MIDI file: ./reconstructed_test_train_midi/schubert/train/schubert_mono_train_71.mid
Format: 1  Tracks: 1  Divisions: 1024
Sequence: Piano
Playing time: ~465 seconds
Notes cut: 0
Notes lost totally: 0
Playing ./reconstructed_test_train_midi/schubert/train/schubert_mono_train_72.mid
MIDI file: ./reconstructed_test_train_midi/schubert/train/schubert_mono_train_72.mid
Format: 1  Tracks: 1  Divisions: 1024
Sequence: Piano
Playing time: ~196 seconds
Notes cut: 0
Notes lost totally: 0
Playing ./reconstructed_test_train_midi/schubert/train/schubert_mono_train_73.mid
MIDI file: ./reconstructed_test_train_midi/schubert/train/schubert_mono_train_73.mid
Format: 1  Tracks: 1  Divisions: 1024
Sequence: Piano
Playing time: ~278 seconds
Notes cut: 0
Notes lost totally: 0
Playing ./reconstructed_test_train_midi/schubert/train/schubert_mono_train_74.mid
MIDI file: ./reconstructed_test_train_midi/schubert/train/schubert_mono_train_74.mid
Format: 1  Tracks: 1  Divisions: 1024
Sequence: Piano
Playing time: ~860 seconds
Notes cut: 0
Notes lost totally: 0
Playing ./reconstructed_test_train_midi/schubert/train/schubert_mono_train_75.mid
MIDI file: ./reconstructed_test_train_midi/schubert/train/schubert_mono_train_75.mid
Format: 1  Tracks: 1  Divisions: 1024
Sequence: Piano
Playing time: ~190 seconds
Notes cut: 0
Notes lost totally: 0
Playing ./reconstructed_test_train_midi/schubert/train/schubert_mono_train_76.mid
MIDI file: ./reconstructed_test_train_midi/schubert/train/schubert_mono_train_76.mid
Format: 1  Tracks: 1  Divisions: 1024
Sequence: Piano
Playing time: ~225 seconds
Notes cut: 0
Notes lost totally: 0
Playing ./reconstructed_test_train_midi/schubert/train/schubert_mono_train_77.mid
MIDI file: ./reconstructed_test_train_midi/schubert/train/schubert_mono_train_77.mid
Format: 1  Tracks: 1  Divisions: 1024
Sequence: Piano
Playing time: ~790 seconds
Notes cut: 0
Notes lost totally: 0
Playing ./reconstructed_test_train_midi/schubert/train/schubert_mono_train_78.mid
MIDI file: ./reconstructed_test_train_midi/schubert/train/schubert_mono_train_78.mid
Format: 1  Tracks: 1  Divisions: 1024
Sequence: Piano
Playing time: ~236 seconds
Notes cut: 0
Notes lost totally: 0
Playing ./reconstructed_test_train_midi/schubert/train/schubert_mono_train_79.mid
MIDI file: ./reconstructed_test_train_midi/schubert/train/schubert_mono_train_79.mid
Format: 1  Tracks: 1  Divisions: 1024
Sequence: Piano
Playing time: ~574 seconds
Notes cut: 0
Notes lost totally: 0
Playing ./reconstructed_test_train_midi/schubert/train/schubert_mono_train_8.mid
MIDI file: ./reconstructed_test_train_midi/schubert/train/schubert_mono_train_8.mid
Format: 1  Tracks: 1  Divisions: 1024
Sequence: Piano
Playing time: ~574 seconds
Notes cut: 0
Notes lost totally: 0
Playing ./reconstructed_test_train_midi/schubert/train/schubert_mono_train_80.mid
MIDI file: ./reconstructed_test_train_midi/schubert/train/schubert_mono_train_80.mid
Format: 1  Tracks: 1  Divisions: 1024
Sequence: Piano
Playing time: ~392 seconds
Notes cut: 0
Notes lost totally: 0
Playing ./reconstructed_test_train_midi/schubert/train/schubert_mono_train_81.mid
MIDI file: ./reconstructed_test_train_midi/schubert/train/schubert_mono_train_81.mid
Format: 1  Tracks: 1  Divisions: 1024
Sequence: Piano
Playing time: ~400 seconds
Notes cut: 0
Notes lost totally: 0
Playing ./reconstructed_test_train_midi/schubert/train/schubert_mono_train_82.mid
MIDI file: ./reconstructed_test_train_midi/schubert/train/schubert_mono_train_82.mid
Format: 1  Tracks: 1  Divisions: 1024
Sequence: Piano
Playing time: ~270 seconds
Notes cut: 0
Notes lost totally: 0
Playing ./reconstructed_test_train_midi/schubert/train/schubert_mono_train_83.mid
MIDI file: ./reconstructed_test_train_midi/schubert/train/schubert_mono_train_83.mid
Format: 1  Tracks: 1  Divisions: 1024
Sequence: Piano
Playing time: ~513 seconds
Notes cut: 0
Notes lost totally: 0
Playing ./reconstructed_test_train_midi/schubert/train/schubert_mono_train_84.mid
MIDI file: ./reconstructed_test_train_midi/schubert/train/schubert_mono_train_84.mid
Format: 1  Tracks: 1  Divisions: 1024
Sequence: Piano
Playing time: ~74 seconds
Notes cut: 0
Notes lost totally: 0
Playing ./reconstructed_test_train_midi/schubert/train/schubert_mono_train_85.mid
MIDI file: ./reconstructed_test_train_midi/schubert/train/schubert_mono_train_85.mid
Format: 1  Tracks: 1  Divisions: 1024
Sequence: Piano
Playing time: ~236 seconds
Notes cut: 0
Notes lost totally: 0
Playing ./reconstructed_test_train_midi/schubert/train/schubert_mono_train_86.mid
MIDI file: ./reconstructed_test_train_midi/schubert/train/schubert_mono_train_86.mid
Format: 1  Tracks: 1  Divisions: 1024
Sequence: Piano
Playing time: ~201 seconds
Notes cut: 0
Notes lost totally: 0
Playing ./reconstructed_test_train_midi/schubert/train/schubert_mono_train_87.mid
MIDI file: ./reconstructed_test_train_midi/schubert/train/schubert_mono_train_87.mid
Format: 1  Tracks: 1  Divisions: 1024
Sequence: Piano
Playing time: ~218 seconds
Notes cut: 0
Notes lost totally: 0
Playing ./reconstructed_test_train_midi/schubert/train/schubert_mono_train_88.mid
MIDI file: ./reconstructed_test_train_midi/schubert/train/schubert_mono_train_88.mid
Format: 1  Tracks: 1  Divisions: 1024
Sequence: Piano
Playing time: ~1532 seconds
Notes cut: 0
Notes lost totally: 0
Playing ./reconstructed_test_train_midi/schubert/train/schubert_mono_train_89.mid
MIDI file: ./reconstructed_test_train_midi/schubert/train/schubert_mono_train_89.mid
Format: 1  Tracks: 1  Divisions: 1024
Sequence: Piano
Playing time: ~30 seconds
Notes cut: 0
Notes lost totally: 0
Playing ./reconstructed_test_train_midi/schubert/train/schubert_mono_train_9.mid
MIDI file: ./reconstructed_test_train_midi/schubert/train/schubert_mono_train_9.mid
Format: 1  Tracks: 1  Divisions: 1024
Sequence: Piano
Playing time: ~340 seconds
Notes cut: 0
Notes lost totally: 0
Playing ./reconstructed_test_train_midi/schubert/train/schubert_mono_train_90.mid
MIDI file: ./reconstructed_test_train_midi/schubert/train/schubert_mono_train_90.mid
Format: 1  Tracks: 1  Divisions: 1024
Sequence: Piano
Playing time: ~439 seconds
Notes cut: 0
Notes lost totally: 0
Playing ./reconstructed_test_train_midi/schubert/train/schubert_mono_train_91.mid
MIDI file: ./reconstructed_test_train_midi/schubert/train/schubert_mono_train_91.mid
Format: 1  Tracks: 1  Divisions: 1024
Sequence: Piano
Playing time: ~677 seconds
Notes cut: 0
Notes lost totally: 0
Playing ./reconstructed_test_train_midi/schubert/train/schubert_mono_train_92.mid
MIDI file: ./reconstructed_test_train_midi/schubert/train/schubert_mono_train_92.mid
Format: 1  Tracks: 1  Divisions: 1024
Sequence: Piano
Playing time: ~488 seconds
Notes cut: 0
Notes lost totally: 0
Playing ./reconstructed_test_train_midi/schubert/train/schubert_mono_train_93.mid
MIDI file: ./reconstructed_test_train_midi/schubert/train/schubert_mono_train_93.mid
Format: 1  Tracks: 1  Divisions: 1024
Sequence: Piano
Playing time: ~58 seconds
Notes cut: 0
Notes lost totally: 0
Playing ./reconstructed_test_train_midi/schubert/train/schubert_mono_train_94.mid
MIDI file: ./reconstructed_test_train_midi/schubert/train/schubert_mono_train_94.mid
Format: 1  Tracks: 1  Divisions: 1024
Sequence: Piano
Playing time: ~711 seconds
Notes cut: 0
Notes lost totally: 0
Playing ./reconstructed_test_train_midi/schubert/train/schubert_mono_train_95.mid
MIDI file: ./reconstructed_test_train_midi/schubert/train/schubert_mono_train_95.mid
Format: 1  Tracks: 1  Divisions: 1024
Sequence: Piano
Playing time: ~268 seconds
Notes cut: 0
Notes lost totally: 0
Playing ./reconstructed_test_train_midi/schubert/train/schubert_mono_train_96.mid
MIDI file: ./reconstructed_test_train_midi/schubert/train/schubert_mono_train_96.mid
Format: 1  Tracks: 1  Divisions: 1024
Sequence: Piano
Playing time: ~176 seconds
Notes cut: 0
Notes lost totally: 0
Playing ./reconstructed_test_train_midi/schubert/train/schubert_mono_train_97.mid
MIDI file: ./reconstructed_test_train_midi/schubert/train/schubert_mono_train_97.mid
Format: 1  Tracks: 1  Divisions: 1024
Sequence: Piano
Playing time: ~937 seconds
Notes cut: 0
Notes lost totally: 0
Playing ./reconstructed_test_train_midi/schubert/train/schubert_mono_train_98.mid
MIDI file: ./reconstructed_test_train_midi/schubert/train/schubert_mono_train_98.mid
Format: 1  Tracks: 1  Divisions: 1024
Sequence: Piano
Playing time: ~580 seconds
Notes cut: 0
Notes lost totally: 0
Playing ./reconstructed_test_train_midi/schubert/train/schubert_mono_train_99.mid
MIDI file: ./reconstructed_test_train_midi/schubert/train/schubert_mono_train_99.mid
Format: 1  Tracks: 1  Divisions: 1024
Sequence: Piano
Playing time: ~187 seconds
Notes cut: 0
Notes lost totally: 0
