Playing ./reconstructed_test_train_midi/haydn/split/haydn_mono_split_1.mid
MIDI file: ./reconstructed_test_train_midi/haydn/split/haydn_mono_split_1.mid
Format: 1  Tracks: 1  Divisions: 1024
Sequence: Piano
Playing time: ~114 seconds
Notes cut: 0
Notes lost totally: 0
Playing ./reconstructed_test_train_midi/haydn/split/haydn_mono_split_10.mid
MIDI file: ./reconstructed_test_train_midi/haydn/split/haydn_mono_split_10.mid
Format: 1  Tracks: 1  Divisions: 1024
Sequence: Piano
Playing time: ~147 seconds
Notes cut: 0
Notes lost totally: 0
Playing ./reconstructed_test_train_midi/haydn/split/haydn_mono_split_11.mid
MIDI file: ./reconstructed_test_train_midi/haydn/split/haydn_mono_split_11.mid
Format: 1  Tracks: 1  Divisions: 1024
Sequence: Piano
Playing time: ~169 seconds
Notes cut: 0
Notes lost totally: 0
Playing ./reconstructed_test_train_midi/haydn/split/haydn_mono_split_12.mid
MIDI file: ./reconstructed_test_train_midi/haydn/split/haydn_mono_split_12.mid
Format: 1  Tracks: 1  Divisions: 1024
Sequence: Piano
Playing time: ~18 seconds
Notes cut: 0
Notes lost totally: 0
Playing ./reconstructed_test_train_midi/haydn/split/haydn_mono_split_13.mid
MIDI file: ./reconstructed_test_train_midi/haydn/split/haydn_mono_split_13.mid
Format: 1  Tracks: 1  Divisions: 1024
Sequence: Piano
Playing time: ~8 seconds
Notes cut: 0
Notes lost totally: 0
Playing ./reconstructed_test_train_midi/haydn/split/haydn_mono_split_14.mid
MIDI file: ./reconstructed_test_train_midi/haydn/split/haydn_mono_split_14.mid
Format: 1  Tracks: 1  Divisions: 1024
Sequence: Piano
Playing time: ~105 seconds
Notes cut: 0
Notes lost totally: 0
Playing ./reconstructed_test_train_midi/haydn/split/haydn_mono_split_15.mid
MIDI file: ./reconstructed_test_train_midi/haydn/split/haydn_mono_split_15.mid
Format: 1  Tracks: 1  Divisions: 1024
Sequence: Piano
Playing time: ~258 seconds
Notes cut: 0
Notes lost totally: 0
Playing ./reconstructed_test_train_midi/haydn/split/haydn_mono_split_16.mid
MIDI file: ./reconstructed_test_train_midi/haydn/split/haydn_mono_split_16.mid
Format: 1  Tracks: 1  Divisions: 1024
Sequence: Piano
Playing time: ~107 seconds
Notes cut: 0
Notes lost totally: 0
Playing ./reconstructed_test_train_midi/haydn/split/haydn_mono_split_2.mid
MIDI file: ./reconstructed_test_train_midi/haydn/split/haydn_mono_split_2.mid
Format: 1  Tracks: 1  Divisions: 1024
Sequence: Piano
Playing time: ~28 seconds
Notes cut: 0
Notes lost totally: 0
Playing ./reconstructed_test_train_midi/haydn/split/haydn_mono_split_3.mid
MIDI file: ./reconstructed_test_train_midi/haydn/split/haydn_mono_split_3.mid
Format: 1  Tracks: 1  Divisions: 1024
Sequence: Piano
Playing time: ~100 seconds
Notes cut: 0
Notes lost totally: 0
Playing ./reconstructed_test_train_midi/haydn/split/haydn_mono_split_4.mid
MIDI file: ./reconstructed_test_train_midi/haydn/split/haydn_mono_split_4.mid
Format: 1  Tracks: 1  Divisions: 1024
Sequence: Piano
Playing time: ~47 seconds
Notes cut: 0
Notes lost totally: 0
Playing ./reconstructed_test_train_midi/haydn/split/haydn_mono_split_5.mid
MIDI file: ./reconstructed_test_train_midi/haydn/split/haydn_mono_split_5.mid
Format: 1  Tracks: 1  Divisions: 1024
Sequence: Piano
Playing time: ~271 seconds
Notes cut: 0
Notes lost totally: 0
Playing ./reconstructed_test_train_midi/haydn/split/haydn_mono_split_6.mid
MIDI file: ./reconstructed_test_train_midi/haydn/split/haydn_mono_split_6.mid
Format: 1  Tracks: 1  Divisions: 1024
Sequence: Piano
Playing time: ~162 seconds
Notes cut: 0
Notes lost totally: 0
Playing ./reconstructed_test_train_midi/haydn/split/haydn_mono_split_7.mid
MIDI file: ./reconstructed_test_train_midi/haydn/split/haydn_mono_split_7.mid
Format: 1  Tracks: 1  Divisions: 1024
Sequence: Piano
Playing time: ~145 seconds
Notes cut: 0
Notes lost totally: 0
Playing ./reconstructed_test_train_midi/haydn/split/haydn_mono_split_8.mid
MIDI file: ./reconstructed_test_train_midi/haydn/split/haydn_mono_split_8.mid
Format: 1  Tracks: 1  Divisions: 1024
Sequence: Piano
Playing time: ~60 seconds
Notes cut: 0
Notes lost totally: 0
Playing ./reconstructed_test_train_midi/haydn/split/haydn_mono_split_9.mid
MIDI file: ./reconstructed_test_train_midi/haydn/split/haydn_mono_split_9.mid
Format: 1  Tracks: 1  Divisions: 1024
Sequence: Piano
Playing time: ~391 seconds
Notes cut: 0
Notes lost totally: 0
Playing ./reconstructed_test_train_midi/haydn/split/haydn_mono_split_1.mid
MIDI file: ./reconstructed_test_train_midi/haydn/split/haydn_mono_split_1.mid
Format: 1  Tracks: 1  Divisions: 1024
Sequence: Piano
Playing time: ~114 seconds
Notes cut: 0
Notes lost totally: 0
Playing ./reconstructed_test_train_midi/haydn/split/haydn_mono_split_10.mid
MIDI file: ./reconstructed_test_train_midi/haydn/split/haydn_mono_split_10.mid
Format: 1  Tracks: 1  Divisions: 1024
Sequence: Piano
Playing time: ~147 seconds
Notes cut: 0
Notes lost totally: 0
Playing ./reconstructed_test_train_midi/haydn/split/haydn_mono_split_11.mid
MIDI file: ./reconstructed_test_train_midi/haydn/split/haydn_mono_split_11.mid
Format: 1  Tracks: 1  Divisions: 1024
Sequence: Piano
Playing time: ~169 seconds
Notes cut: 0
Notes lost totally: 0
Playing ./reconstructed_test_train_midi/haydn/split/haydn_mono_split_12.mid
MIDI file: ./reconstructed_test_train_midi/haydn/split/haydn_mono_split_12.mid
Format: 1  Tracks: 1  Divisions: 1024
Sequence: Piano
Playing time: ~18 seconds
Notes cut: 0
Notes lost totally: 0
Playing ./reconstructed_test_train_midi/haydn/split/haydn_mono_split_13.mid
MIDI file: ./reconstructed_test_train_midi/haydn/split/haydn_mono_split_13.mid
Format: 1  Tracks: 1  Divisions: 1024
Sequence: Piano
Playing time: ~8 seconds
Notes cut: 0
Notes lost totally: 0
Playing ./reconstructed_test_train_midi/haydn/split/haydn_mono_split_14.mid
MIDI file: ./reconstructed_test_train_midi/haydn/split/haydn_mono_split_14.mid
Format: 1  Tracks: 1  Divisions: 1024
Sequence: Piano
Playing time: ~105 seconds
Notes cut: 0
Notes lost totally: 0
Playing ./reconstructed_test_train_midi/haydn/split/haydn_mono_split_15.mid
MIDI file: ./reconstructed_test_train_midi/haydn/split/haydn_mono_split_15.mid
Format: 1  Tracks: 1  Divisions: 1024
Sequence: Piano
Playing time: ~258 seconds
Notes cut: 0
Notes lost totally: 0
Playing ./reconstructed_test_train_midi/haydn/split/haydn_mono_split_16.mid
MIDI file: ./reconstructed_test_train_midi/haydn/split/haydn_mono_split_16.mid
Format: 1  Tracks: 1  Divisions: 1024
Sequence: Piano
Playing time: ~107 seconds
Notes cut: 0
Notes lost totally: 0
Playing ./reconstructed_test_train_midi/haydn/split/haydn_mono_split_2.mid
MIDI file: ./reconstructed_test_train_midi/haydn/split/haydn_mono_split_2.mid
Format: 1  Tracks: 1  Divisions: 1024
Sequence: Piano
Playing time: ~28 seconds
Notes cut: 0
Notes lost totally: 0
Playing ./reconstructed_test_train_midi/haydn/split/haydn_mono_split_3.mid
MIDI file: ./reconstructed_test_train_midi/haydn/split/haydn_mono_split_3.mid
Format: 1  Tracks: 1  Divisions: 1024
Sequence: Piano
Playing time: ~100 seconds
Notes cut: 0
Notes lost totally: 0
Playing ./reconstructed_test_train_midi/haydn/split/haydn_mono_split_4.mid
MIDI file: ./reconstructed_test_train_midi/haydn/split/haydn_mono_split_4.mid
Format: 1  Tracks: 1  Divisions: 1024
Sequence: Piano
Playing time: ~47 seconds
Notes cut: 0
Notes lost totally: 0
Playing ./reconstructed_test_train_midi/haydn/split/haydn_mono_split_5.mid
MIDI file: ./reconstructed_test_train_midi/haydn/split/haydn_mono_split_5.mid
Format: 1  Tracks: 1  Divisions: 1024
Sequence: Piano
Playing time: ~271 seconds
Notes cut: 0
Notes lost totally: 0
Playing ./reconstructed_test_train_midi/haydn/split/haydn_mono_split_6.mid
MIDI file: ./reconstructed_test_train_midi/haydn/split/haydn_mono_split_6.mid
Format: 1  Tracks: 1  Divisions: 1024
Sequence: Piano
Playing time: ~162 seconds
Notes cut: 0
Notes lost totally: 0
Playing ./reconstructed_test_train_midi/haydn/split/haydn_mono_split_7.mid
MIDI file: ./reconstructed_test_train_midi/haydn/split/haydn_mono_split_7.mid
Format: 1  Tracks: 1  Divisions: 1024
Sequence: Piano
Playing time: ~145 seconds
Notes cut: 0
Notes lost totally: 0
Playing ./reconstructed_test_train_midi/haydn/split/haydn_mono_split_8.mid
MIDI file: ./reconstructed_test_train_midi/haydn/split/haydn_mono_split_8.mid
Format: 1  Tracks: 1  Divisions: 1024
Sequence: Piano
Playing time: ~60 seconds
Notes cut: 0
Notes lost totally: 0
Playing ./reconstructed_test_train_midi/haydn/split/haydn_mono_split_9.mid
MIDI file: ./reconstructed_test_train_midi/haydn/split/haydn_mono_split_9.mid
Format: 1  Tracks: 1  Divisions: 1024
Sequence: Piano
Playing time: ~391 seconds
Notes cut: 0
Notes lost totally: 0
