Playing ./reconstructed_test_train_midi/bach/split/bach_mono_split_1.mid
MIDI file: ./reconstructed_test_train_midi/bach/split/bach_mono_split_1.mid
Format: 1  Tracks: 1  Divisions: 1024
Sequence: Piano
Playing time: ~80 seconds
Notes cut: 0
Notes lost totally: 0
Playing ./reconstructed_test_train_midi/bach/split/bach_mono_split_10.mid
MIDI file: ./reconstructed_test_train_midi/bach/split/bach_mono_split_10.mid
Format: 1  Tracks: 1  Divisions: 1024
Sequence: Piano
Playing time: ~67 seconds
Notes cut: 0
Notes lost totally: 0
Playing ./reconstructed_test_train_midi/bach/split/bach_mono_split_11.mid
MIDI file: ./reconstructed_test_train_midi/bach/split/bach_mono_split_11.mid
Format: 1  Tracks: 1  Divisions: 1024
Sequence: Piano
Playing time: ~11 seconds
Notes cut: 0
Notes lost totally: 0
Playing ./reconstructed_test_train_midi/bach/split/bach_mono_split_12.mid
MIDI file: ./reconstructed_test_train_midi/bach/split/bach_mono_split_12.mid
Format: 1  Tracks: 1  Divisions: 1024
Sequence: Piano
Playing time: ~59 seconds
Notes cut: 0
Notes lost totally: 0
Playing ./reconstructed_test_train_midi/bach/split/bach_mono_split_13.mid
MIDI file: ./reconstructed_test_train_midi/bach/split/bach_mono_split_13.mid
Format: 1  Tracks: 1  Divisions: 1024
Sequence: Piano
Playing time: ~113 seconds
Notes cut: 0
Notes lost totally: 0
Playing ./reconstructed_test_train_midi/bach/split/bach_mono_split_14.mid
MIDI file: ./reconstructed_test_train_midi/bach/split/bach_mono_split_14.mid
Format: 1  Tracks: 1  Divisions: 1024
Sequence: Piano
Playing time: ~45 seconds
Notes cut: 0
Notes lost totally: 0
Playing ./reconstructed_test_train_midi/bach/split/bach_mono_split_15.mid
MIDI file: ./reconstructed_test_train_midi/bach/split/bach_mono_split_15.mid
Format: 1  Tracks: 1  Divisions: 1024
Sequence: Piano
Playing time: ~160 seconds
Notes cut: 0
Notes lost totally: 0
Playing ./reconstructed_test_train_midi/bach/split/bach_mono_split_16.mid
MIDI file: ./reconstructed_test_train_midi/bach/split/bach_mono_split_16.mid
Format: 1  Tracks: 1  Divisions: 1024
Sequence: Piano
Playing time: ~162 seconds
Notes cut: 0
Notes lost totally: 0
Playing ./reconstructed_test_train_midi/bach/split/bach_mono_split_17.mid
MIDI file: ./reconstructed_test_train_midi/bach/split/bach_mono_split_17.mid
Format: 1  Tracks: 1  Divisions: 1024
Sequence: Piano
Playing time: ~58 seconds
Notes cut: 0
Notes lost totally: 0
Playing ./reconstructed_test_train_midi/bach/split/bach_mono_split_18.mid
MIDI file: ./reconstructed_test_train_midi/bach/split/bach_mono_split_18.mid
Format: 1  Tracks: 1  Divisions: 1024
Sequence: Piano
Playing time: ~8 seconds
Notes cut: 0
Notes lost totally: 0
Playing ./reconstructed_test_train_midi/bach/split/bach_mono_split_19.mid
MIDI file: ./reconstructed_test_train_midi/bach/split/bach_mono_split_19.mid
Format: 1  Tracks: 1  Divisions: 1024
Sequence: Piano
Playing time: ~10 seconds
Notes cut: 0
Notes lost totally: 0
Playing ./reconstructed_test_train_midi/bach/split/bach_mono_split_2.mid
MIDI file: ./reconstructed_test_train_midi/bach/split/bach_mono_split_2.mid
Format: 1  Tracks: 1  Divisions: 1024
Sequence: Piano
Playing time: ~76 seconds
Notes cut: 0
Notes lost totally: 0
Playing ./reconstructed_test_train_midi/bach/split/bach_mono_split_20.mid
MIDI file: ./reconstructed_test_train_midi/bach/split/bach_mono_split_20.mid
Format: 1  Tracks: 1  Divisions: 1024
Sequence: Piano
Playing time: ~37 seconds
Notes cut: 0
Notes lost totally: 0
Playing ./reconstructed_test_train_midi/bach/split/bach_mono_split_21.mid
MIDI file: ./reconstructed_test_train_midi/bach/split/bach_mono_split_21.mid
Format: 1  Tracks: 1  Divisions: 1024
Sequence: Piano
Playing time: ~8 seconds
Notes cut: 0
Notes lost totally: 0
Playing ./reconstructed_test_train_midi/bach/split/bach_mono_split_22.mid
MIDI file: ./reconstructed_test_train_midi/bach/split/bach_mono_split_22.mid
Format: 1  Tracks: 1  Divisions: 1024
Sequence: Piano
Playing time: ~74 seconds
Notes cut: 0
Notes lost totally: 0
Playing ./reconstructed_test_train_midi/bach/split/bach_mono_split_23.mid
MIDI file: ./reconstructed_test_train_midi/bach/split/bach_mono_split_23.mid
Format: 1  Tracks: 1  Divisions: 1024
Sequence: Piano
Playing time: ~44 seconds
Notes cut: 0
Notes lost totally: 0
Playing ./reconstructed_test_train_midi/bach/split/bach_mono_split_24.mid
MIDI file: ./reconstructed_test_train_midi/bach/split/bach_mono_split_24.mid
Format: 1  Tracks: 1  Divisions: 1024
Sequence: Piano
Playing time: ~110 seconds
Notes cut: 0
Notes lost totally: 0
Playing ./reconstructed_test_train_midi/bach/split/bach_mono_split_25.mid
MIDI file: ./reconstructed_test_train_midi/bach/split/bach_mono_split_25.mid
Format: 1  Tracks: 1  Divisions: 1024
Sequence: Piano
Playing time: ~36 seconds
Notes cut: 0
Notes lost totally: 0
Playing ./reconstructed_test_train_midi/bach/split/bach_mono_split_26.mid
MIDI file: ./reconstructed_test_train_midi/bach/split/bach_mono_split_26.mid
Format: 1  Tracks: 1  Divisions: 1024
Sequence: Piano
Playing time: ~62 seconds
Notes cut: 0
Notes lost totally: 0
Playing ./reconstructed_test_train_midi/bach/split/bach_mono_split_27.mid
MIDI file: ./reconstructed_test_train_midi/bach/split/bach_mono_split_27.mid
Format: 1  Tracks: 1  Divisions: 1024
Sequence: Piano
Playing time: ~33 seconds
Notes cut: 0
Notes lost totally: 0
Playing ./reconstructed_test_train_midi/bach/split/bach_mono_split_28.mid
MIDI file: ./reconstructed_test_train_midi/bach/split/bach_mono_split_28.mid
Format: 1  Tracks: 1  Divisions: 1024
Sequence: Piano
Playing time: ~33 seconds
Notes cut: 0
Notes lost totally: 0
Playing ./reconstructed_test_train_midi/bach/split/bach_mono_split_29.mid
MIDI file: ./reconstructed_test_train_midi/bach/split/bach_mono_split_29.mid
Format: 1  Tracks: 1  Divisions: 1024
Sequence: Piano
Playing time: ~36 seconds
Notes cut: 0
Notes lost totally: 0
Playing ./reconstructed_test_train_midi/bach/split/bach_mono_split_3.mid
MIDI file: ./reconstructed_test_train_midi/bach/split/bach_mono_split_3.mid
Format: 1  Tracks: 1  Divisions: 1024
Sequence: Piano
Playing time: ~84 seconds
Notes cut: 0
Notes lost totally: 0
Playing ./reconstructed_test_train_midi/bach/split/bach_mono_split_30.mid
MIDI file: ./reconstructed_test_train_midi/bach/split/bach_mono_split_30.mid
Format: 1  Tracks: 1  Divisions: 1024
Sequence: Piano
Playing time: ~40 seconds
Notes cut: 0
Notes lost totally: 0
Playing ./reconstructed_test_train_midi/bach/split/bach_mono_split_31.mid
MIDI file: ./reconstructed_test_train_midi/bach/split/bach_mono_split_31.mid
Format: 1  Tracks: 1  Divisions: 1024
Sequence: Piano
Playing time: ~22 seconds
Notes cut: 0
Notes lost totally: 0
Playing ./reconstructed_test_train_midi/bach/split/bach_mono_split_32.mid
MIDI file: ./reconstructed_test_train_midi/bach/split/bach_mono_split_32.mid
Format: 1  Tracks: 1  Divisions: 1024
Sequence: Piano
Playing time: ~11 seconds
Notes cut: 0
Notes lost totally: 0
Playing ./reconstructed_test_train_midi/bach/split/bach_mono_split_33.mid
MIDI file: ./reconstructed_test_train_midi/bach/split/bach_mono_split_33.mid
Format: 1  Tracks: 1  Divisions: 1024
Sequence: Piano
Playing time: ~151 seconds
Notes cut: 0
Notes lost totally: 0
Playing ./reconstructed_test_train_midi/bach/split/bach_mono_split_34.mid
MIDI file: ./reconstructed_test_train_midi/bach/split/bach_mono_split_34.mid
Format: 1  Tracks: 1  Divisions: 1024
Sequence: Piano
Playing time: ~74 seconds
Notes cut: 0
Notes lost totally: 0
Playing ./reconstructed_test_train_midi/bach/split/bach_mono_split_35.mid
MIDI file: ./reconstructed_test_train_midi/bach/split/bach_mono_split_35.mid
Format: 1  Tracks: 1  Divisions: 1024
Sequence: Piano
Playing time: ~66 seconds
Notes cut: 0
Notes lost totally: 0
Playing ./reconstructed_test_train_midi/bach/split/bach_mono_split_36.mid
MIDI file: ./reconstructed_test_train_midi/bach/split/bach_mono_split_36.mid
Format: 1  Tracks: 1  Divisions: 1024
Sequence: Piano
Playing time: ~12 seconds
Notes cut: 0
Notes lost totally: 0
Playing ./reconstructed_test_train_midi/bach/split/bach_mono_split_37.mid
MIDI file: ./reconstructed_test_train_midi/bach/split/bach_mono_split_37.mid
Format: 1  Tracks: 1  Divisions: 1024
Sequence: Piano
Playing time: ~5 seconds
Notes cut: 0
Notes lost totally: 0
Playing ./reconstructed_test_train_midi/bach/split/bach_mono_split_38.mid
MIDI file: ./reconstructed_test_train_midi/bach/split/bach_mono_split_38.mid
Format: 1  Tracks: 1  Divisions: 1024
Sequence: Piano
Playing time: ~51 seconds
Notes cut: 0
Notes lost totally: 0
Playing ./reconstructed_test_train_midi/bach/split/bach_mono_split_39.mid
MIDI file: ./reconstructed_test_train_midi/bach/split/bach_mono_split_39.mid
Format: 1  Tracks: 1  Divisions: 1024
Sequence: Piano
Playing time: ~72 seconds
Notes cut: 0
Notes lost totally: 0
Playing ./reconstructed_test_train_midi/bach/split/bach_mono_split_4.mid
MIDI file: ./reconstructed_test_train_midi/bach/split/bach_mono_split_4.mid
Format: 1  Tracks: 1  Divisions: 1024
Sequence: Piano
Playing time: ~36 seconds
Notes cut: 0
Notes lost totally: 0
Playing ./reconstructed_test_train_midi/bach/split/bach_mono_split_40.mid
MIDI file: ./reconstructed_test_train_midi/bach/split/bach_mono_split_40.mid
Format: 1  Tracks: 1  Divisions: 1024
Sequence: Piano
Playing time: ~205 seconds
Notes cut: 0
Notes lost totally: 0
Playing ./reconstructed_test_train_midi/bach/split/bach_mono_split_41.mid
MIDI file: ./reconstructed_test_train_midi/bach/split/bach_mono_split_41.mid
Format: 1  Tracks: 1  Divisions: 1024
Sequence: Piano
Playing time: ~10 seconds
Notes cut: 0
Notes lost totally: 0
Playing ./reconstructed_test_train_midi/bach/split/bach_mono_split_42.mid
MIDI file: ./reconstructed_test_train_midi/bach/split/bach_mono_split_42.mid
Format: 1  Tracks: 1  Divisions: 1024
Sequence: Piano
Playing time: ~173 seconds
Notes cut: 0
Notes lost totally: 0
Playing ./reconstructed_test_train_midi/bach/split/bach_mono_split_43.mid
MIDI file: ./reconstructed_test_train_midi/bach/split/bach_mono_split_43.mid
Format: 1  Tracks: 1  Divisions: 1024
Sequence: Piano
Playing time: ~12 seconds
Notes cut: 0
Notes lost totally: 0
Playing ./reconstructed_test_train_midi/bach/split/bach_mono_split_44.mid
MIDI file: ./reconstructed_test_train_midi/bach/split/bach_mono_split_44.mid
Format: 1  Tracks: 1  Divisions: 1024
Sequence: Piano
Playing time: ~10 seconds
Notes cut: 0
Notes lost totally: 0
Playing ./reconstructed_test_train_midi/bach/split/bach_mono_split_45.mid
MIDI file: ./reconstructed_test_train_midi/bach/split/bach_mono_split_45.mid
Format: 1  Tracks: 1  Divisions: 1024
Sequence: Piano
Playing time: ~75 seconds
Notes cut: 0
Notes lost totally: 0
Playing ./reconstructed_test_train_midi/bach/split/bach_mono_split_46.mid
MIDI file: ./reconstructed_test_train_midi/bach/split/bach_mono_split_46.mid
Format: 1  Tracks: 1  Divisions: 1024
Sequence: Piano
Playing time: ~10 seconds
Notes cut: 0
Notes lost totally: 0
Playing ./reconstructed_test_train_midi/bach/split/bach_mono_split_47.mid
MIDI file: ./reconstructed_test_train_midi/bach/split/bach_mono_split_47.mid
Format: 1  Tracks: 1  Divisions: 1024
Sequence: Piano
Playing time: ~44 seconds
Notes cut: 0
Notes lost totally: 0
Playing ./reconstructed_test_train_midi/bach/split/bach_mono_split_48.mid
MIDI file: ./reconstructed_test_train_midi/bach/split/bach_mono_split_48.mid
Format: 1  Tracks: 1  Divisions: 1024
Sequence: Piano
Playing time: ~69 seconds
Notes cut: 0
Notes lost totally: 0
Playing ./reconstructed_test_train_midi/bach/split/bach_mono_split_49.mid
MIDI file: ./reconstructed_test_train_midi/bach/split/bach_mono_split_49.mid
Format: 1  Tracks: 1  Divisions: 1024
Sequence: Piano
Playing time: ~8 seconds
Notes cut: 0
Notes lost totally: 0
Playing ./reconstructed_test_train_midi/bach/split/bach_mono_split_5.mid
MIDI file: ./reconstructed_test_train_midi/bach/split/bach_mono_split_5.mid
Format: 1  Tracks: 1  Divisions: 1024
Sequence: Piano
Playing time: ~68 seconds
Notes cut: 0
Notes lost totally: 0
Playing ./reconstructed_test_train_midi/bach/split/bach_mono_split_50.mid
MIDI file: ./reconstructed_test_train_midi/bach/split/bach_mono_split_50.mid
Format: 1  Tracks: 1  Divisions: 1024
Sequence: Piano
Playing time: ~15 seconds
Notes cut: 0
Notes lost totally: 0
Playing ./reconstructed_test_train_midi/bach/split/bach_mono_split_51.mid
MIDI file: ./reconstructed_test_train_midi/bach/split/bach_mono_split_51.mid
Format: 1  Tracks: 1  Divisions: 1024
Sequence: Piano
Playing time: ~10 seconds
Notes cut: 0
Notes lost totally: 0
Playing ./reconstructed_test_train_midi/bach/split/bach_mono_split_52.mid
MIDI file: ./reconstructed_test_train_midi/bach/split/bach_mono_split_52.mid
Format: 1  Tracks: 1  Divisions: 1024
Sequence: Piano
Playing time: ~42 seconds
Notes cut: 0
Notes lost totally: 0
Playing ./reconstructed_test_train_midi/bach/split/bach_mono_split_53.mid
MIDI file: ./reconstructed_test_train_midi/bach/split/bach_mono_split_53.mid
Format: 1  Tracks: 1  Divisions: 1024
Sequence: Piano
Playing time: ~7 seconds
Notes cut: 0
Notes lost totally: 0
Playing ./reconstructed_test_train_midi/bach/split/bach_mono_split_54.mid
MIDI file: ./reconstructed_test_train_midi/bach/split/bach_mono_split_54.mid
Format: 1  Tracks: 1  Divisions: 1024
Sequence: Piano
Playing time: ~14 seconds
Notes cut: 0
Notes lost totally: 0
Playing ./reconstructed_test_train_midi/bach/split/bach_mono_split_55.mid
MIDI file: ./reconstructed_test_train_midi/bach/split/bach_mono_split_55.mid
Format: 1  Tracks: 1  Divisions: 1024
Sequence: Piano
Playing time: ~8 seconds
Notes cut: 0
Notes lost totally: 0
Playing ./reconstructed_test_train_midi/bach/split/bach_mono_split_56.mid
MIDI file: ./reconstructed_test_train_midi/bach/split/bach_mono_split_56.mid
Format: 1  Tracks: 1  Divisions: 1024
Sequence: Piano
Playing time: ~10 seconds
Notes cut: 0
Notes lost totally: 0
Playing ./reconstructed_test_train_midi/bach/split/bach_mono_split_57.mid
MIDI file: ./reconstructed_test_train_midi/bach/split/bach_mono_split_57.mid
Format: 1  Tracks: 1  Divisions: 1024
Sequence: Piano
Playing time: ~11 seconds
Notes cut: 0
Notes lost totally: 0
Playing ./reconstructed_test_train_midi/bach/split/bach_mono_split_58.mid
MIDI file: ./reconstructed_test_train_midi/bach/split/bach_mono_split_58.mid
Format: 1  Tracks: 1  Divisions: 1024
Sequence: Piano
Playing time: ~210 seconds
Notes cut: 0
Notes lost totally: 0
Playing ./reconstructed_test_train_midi/bach/split/bach_mono_split_59.mid
MIDI file: ./reconstructed_test_train_midi/bach/split/bach_mono_split_59.mid
Format: 1  Tracks: 1  Divisions: 1024
Sequence: Piano
Playing time: ~41 seconds
Notes cut: 0
Notes lost totally: 0
Playing ./reconstructed_test_train_midi/bach/split/bach_mono_split_6.mid
MIDI file: ./reconstructed_test_train_midi/bach/split/bach_mono_split_6.mid
Format: 1  Tracks: 1  Divisions: 1024
Sequence: Piano
Playing time: ~61 seconds
Notes cut: 0
Notes lost totally: 0
Playing ./reconstructed_test_train_midi/bach/split/bach_mono_split_60.mid
MIDI file: ./reconstructed_test_train_midi/bach/split/bach_mono_split_60.mid
Format: 1  Tracks: 1  Divisions: 1024
Sequence: Piano
Playing time: ~5 seconds
Notes cut: 0
Notes lost totally: 0
Playing ./reconstructed_test_train_midi/bach/split/bach_mono_split_61.mid
MIDI file: ./reconstructed_test_train_midi/bach/split/bach_mono_split_61.mid
Format: 1  Tracks: 1  Divisions: 1024
Sequence: Piano
Playing time: ~11 seconds
Notes cut: 0
Notes lost totally: 0
Playing ./reconstructed_test_train_midi/bach/split/bach_mono_split_62.mid
MIDI file: ./reconstructed_test_train_midi/bach/split/bach_mono_split_62.mid
Format: 1  Tracks: 1  Divisions: 1024
Sequence: Piano
Playing time: ~61 seconds
Notes cut: 0
Notes lost totally: 0
Playing ./reconstructed_test_train_midi/bach/split/bach_mono_split_63.mid
MIDI file: ./reconstructed_test_train_midi/bach/split/bach_mono_split_63.mid
Format: 1  Tracks: 1  Divisions: 1024
Sequence: Piano
Playing time: ~210 seconds
Notes cut: 0
Notes lost totally: 0
Playing ./reconstructed_test_train_midi/bach/split/bach_mono_split_64.mid
MIDI file: ./reconstructed_test_train_midi/bach/split/bach_mono_split_64.mid
Format: 1  Tracks: 1  Divisions: 1024
Sequence: Piano
Playing time: ~27 seconds
Notes cut: 0
Notes lost totally: 0
Playing ./reconstructed_test_train_midi/bach/split/bach_mono_split_65.mid
MIDI file: ./reconstructed_test_train_midi/bach/split/bach_mono_split_65.mid
Format: 1  Tracks: 1  Divisions: 1024
Sequence: Piano
Playing time: ~9 seconds
Notes cut: 0
Notes lost totally: 0
Playing ./reconstructed_test_train_midi/bach/split/bach_mono_split_66.mid
MIDI file: ./reconstructed_test_train_midi/bach/split/bach_mono_split_66.mid
Format: 1  Tracks: 1  Divisions: 1024
Sequence: Piano
Playing time: ~70 seconds
Notes cut: 0
Notes lost totally: 0
Playing ./reconstructed_test_train_midi/bach/split/bach_mono_split_67.mid
MIDI file: ./reconstructed_test_train_midi/bach/split/bach_mono_split_67.mid
Format: 1  Tracks: 1  Divisions: 1024
Sequence: Piano
Playing time: ~54 seconds
Notes cut: 0
Notes lost totally: 0
Playing ./reconstructed_test_train_midi/bach/split/bach_mono_split_7.mid
MIDI file: ./reconstructed_test_train_midi/bach/split/bach_mono_split_7.mid
Format: 1  Tracks: 1  Divisions: 1024
Sequence: Piano
Playing time: ~145 seconds
Notes cut: 0
Notes lost totally: 0
Playing ./reconstructed_test_train_midi/bach/split/bach_mono_split_8.mid
MIDI file: ./reconstructed_test_train_midi/bach/split/bach_mono_split_8.mid
Format: 1  Tracks: 1  Divisions: 1024
Sequence: Piano
Playing time: ~80 seconds
Notes cut: 0
Notes lost totally: 0
Playing ./reconstructed_test_train_midi/bach/split/bach_mono_split_9.mid
MIDI file: ./reconstructed_test_train_midi/bach/split/bach_mono_split_9.mid
Format: 1  Tracks: 1  Divisions: 1024
Sequence: Piano
Playing time: ~21 seconds
Notes cut: 0
Notes lost totally: 0
