Playing ./reconstructed_test_train_midi/vivaldi/split/vivaldi_mono_split_1.mid
MIDI file: ./reconstructed_test_train_midi/vivaldi/split/vivaldi_mono_split_1.mid
Format: 1  Tracks: 1  Divisions: 1024
Sequence: Piano
Playing time: ~11 seconds
Notes cut: 0
Notes lost totally: 0
Playing ./reconstructed_test_train_midi/vivaldi/split/vivaldi_mono_split_1.mid
MIDI file: ./reconstructed_test_train_midi/vivaldi/split/vivaldi_mono_split_1.mid
Format: 1  Tracks: 1  Divisions: 1024
Sequence: Piano
Playing time: ~11 seconds
Notes cut: 0
Notes lost totally: 0
Playing ./reconstructed_test_train_midi/vivaldi/split/vivaldi_mono_split_1.mid
MIDI file: ./reconstructed_test_train_midi/vivaldi/split/vivaldi_mono_split_1.mid
Format: 1  Tracks: 1  Divisions: 1024
Sequence: Piano
Playing time: ~11 seconds
Notes cut: 0
Notes lost totally: 0
Playing ./reconstructed_test_train_midi/vivaldi/split/vivaldi_mono_split_1.mid
MIDI file: ./reconstructed_test_train_midi/vivaldi/split/vivaldi_mono_split_1.mid
Format: 1  Tracks: 1  Divisions: 1024
Sequence: Piano
Playing time: ~11 seconds
Notes cut: 0
Notes lost totally: 0
