Playing ./reconstructed_test_train_midi/vivaldi/train/vivaldi_mono_train_1.mid
MIDI file: ./reconstructed_test_train_midi/vivaldi/train/vivaldi_mono_train_1.mid
Format: 1  Tracks: 1  Divisions: 1024
Sequence: Piano
Playing time: ~73 seconds
Notes cut: 0
Notes lost totally: 0
Playing ./reconstructed_test_train_midi/vivaldi/train/vivaldi_mono_train_10.mid
MIDI file: ./reconstructed_test_train_midi/vivaldi/train/vivaldi_mono_train_10.mid
Format: 1  Tracks: 1  Divisions: 1024
Sequence: Piano
Playing time: ~50 seconds
Notes cut: 0
Notes lost totally: 0
Playing ./reconstructed_test_train_midi/vivaldi/train/vivaldi_mono_train_11.mid
MIDI file: ./reconstructed_test_train_midi/vivaldi/train/vivaldi_mono_train_11.mid
Format: 1  Tracks: 1  Divisions: 1024
Sequence: Piano
Playing time: ~76 seconds
Notes cut: 0
Notes lost totally: 0
Playing ./reconstructed_test_train_midi/vivaldi/train/vivaldi_mono_train_12.mid
MIDI file: ./reconstructed_test_train_midi/vivaldi/train/vivaldi_mono_train_12.mid
Format: 1  Tracks: 1  Divisions: 1024
Sequence: Piano
Playing time: ~14 seconds
Notes cut: 0
Notes lost totally: 0
Playing ./reconstructed_test_train_midi/vivaldi/train/vivaldi_mono_train_13.mid
MIDI file: ./reconstructed_test_train_midi/vivaldi/train/vivaldi_mono_train_13.mid
Format: 1  Tracks: 1  Divisions: 1024
Sequence: Piano
Playing time: ~91 seconds
Notes cut: 0
Notes lost totally: 0
Playing ./reconstructed_test_train_midi/vivaldi/train/vivaldi_mono_train_14.mid
MIDI file: ./reconstructed_test_train_midi/vivaldi/train/vivaldi_mono_train_14.mid
Format: 1  Tracks: 1  Divisions: 1024
Sequence: Piano
Playing time: ~120 seconds
Notes cut: 0
Notes lost totally: 0
Playing ./reconstructed_test_train_midi/vivaldi/train/vivaldi_mono_train_15.mid
MIDI file: ./reconstructed_test_train_midi/vivaldi/train/vivaldi_mono_train_15.mid
Format: 1  Tracks: 1  Divisions: 1024
Sequence: Piano
Playing time: ~70 seconds
Notes cut: 0
Notes lost totally: 0
Playing ./reconstructed_test_train_midi/vivaldi/train/vivaldi_mono_train_16.mid
MIDI file: ./reconstructed_test_train_midi/vivaldi/train/vivaldi_mono_train_16.mid
Format: 1  Tracks: 1  Divisions: 1024
Sequence: Piano
Playing time: ~25 seconds
Notes cut: 0
Notes lost totally: 0
Playing ./reconstructed_test_train_midi/vivaldi/train/vivaldi_mono_train_17.mid
MIDI file: ./reconstructed_test_train_midi/vivaldi/train/vivaldi_mono_train_17.mid
Format: 1  Tracks: 1  Divisions: 1024
Sequence: Piano
Playing time: ~87 seconds
Notes cut: 0
Notes lost totally: 0
Playing ./reconstructed_test_train_midi/vivaldi/train/vivaldi_mono_train_18.mid
MIDI file: ./reconstructed_test_train_midi/vivaldi/train/vivaldi_mono_train_18.mid
Format: 1  Tracks: 1  Divisions: 1024
Sequence: Piano
Playing time: ~17 seconds
Notes cut: 0
Notes lost totally: 0
Playing ./reconstructed_test_train_midi/vivaldi/train/vivaldi_mono_train_19.mid
MIDI file: ./reconstructed_test_train_midi/vivaldi/train/vivaldi_mono_train_19.mid
Format: 1  Tracks: 1  Divisions: 1024
Sequence: Piano
Playing time: ~100 seconds
Notes cut: 0
Notes lost totally: 0
Playing ./reconstructed_test_train_midi/vivaldi/train/vivaldi_mono_train_2.mid
MIDI file: ./reconstructed_test_train_midi/vivaldi/train/vivaldi_mono_train_2.mid
Format: 1  Tracks: 1  Divisions: 1024
Sequence: Piano
Playing time: ~24 seconds
Notes cut: 0
Notes lost totally: 0
Playing ./reconstructed_test_train_midi/vivaldi/train/vivaldi_mono_train_20.mid
MIDI file: ./reconstructed_test_train_midi/vivaldi/train/vivaldi_mono_train_20.mid
Format: 1  Tracks: 1  Divisions: 1024
Sequence: Piano
Playing time: ~31 seconds
Notes cut: 0
Notes lost totally: 0
Playing ./reconstructed_test_train_midi/vivaldi/train/vivaldi_mono_train_21.mid
MIDI file: ./reconstructed_test_train_midi/vivaldi/train/vivaldi_mono_train_21.mid
Format: 1  Tracks: 1  Divisions: 1024
Sequence: Piano
Playing time: ~47 seconds
Notes cut: 0
Notes lost totally: 0
Playing ./reconstructed_test_train_midi/vivaldi/train/vivaldi_mono_train_22.mid
MIDI file: ./reconstructed_test_train_midi/vivaldi/train/vivaldi_mono_train_22.mid
Format: 1  Tracks: 1  Divisions: 1024
Sequence: Piano
Playing time: ~95 seconds
Notes cut: 0
Notes lost totally: 0
Playing ./reconstructed_test_train_midi/vivaldi/train/vivaldi_mono_train_23.mid
MIDI file: ./reconstructed_test_train_midi/vivaldi/train/vivaldi_mono_train_23.mid
Format: 1  Tracks: 1  Divisions: 1024
Sequence: Piano
Playing time: ~24 seconds
Notes cut: 0
Notes lost totally: 0
Playing ./reconstructed_test_train_midi/vivaldi/train/vivaldi_mono_train_24.mid
MIDI file: ./reconstructed_test_train_midi/vivaldi/train/vivaldi_mono_train_24.mid
Format: 1  Tracks: 1  Divisions: 1024
Sequence: Piano
Playing time: ~260 seconds
Notes cut: 0
Notes lost totally: 0
Playing ./reconstructed_test_train_midi/vivaldi/train/vivaldi_mono_train_25.mid
MIDI file: ./reconstructed_test_train_midi/vivaldi/train/vivaldi_mono_train_25.mid
Format: 1  Tracks: 1  Divisions: 1024
Sequence: Piano
Playing time: ~446 seconds
Notes cut: 0
Notes lost totally: 0
Playing ./reconstructed_test_train_midi/vivaldi/train/vivaldi_mono_train_26.mid
MIDI file: ./reconstructed_test_train_midi/vivaldi/train/vivaldi_mono_train_26.mid
Format: 1  Tracks: 1  Divisions: 1024
Sequence: Piano
Playing time: ~133 seconds
Notes cut: 0
Notes lost totally: 0
Playing ./reconstructed_test_train_midi/vivaldi/train/vivaldi_mono_train_27.mid
MIDI file: ./reconstructed_test_train_midi/vivaldi/train/vivaldi_mono_train_27.mid
Format: 1  Tracks: 1  Divisions: 1024
Sequence: Piano
Playing time: ~36 seconds
Notes cut: 0
Notes lost totally: 0
Playing ./reconstructed_test_train_midi/vivaldi/train/vivaldi_mono_train_28.mid
MIDI file: ./reconstructed_test_train_midi/vivaldi/train/vivaldi_mono_train_28.mid
Format: 1  Tracks: 1  Divisions: 1024
Sequence: Piano
Playing time: ~18 seconds
Notes cut: 0
Notes lost totally: 0
Playing ./reconstructed_test_train_midi/vivaldi/train/vivaldi_mono_train_29.mid
MIDI file: ./reconstructed_test_train_midi/vivaldi/train/vivaldi_mono_train_29.mid
Format: 1  Tracks: 1  Divisions: 1024
Sequence: Piano
Playing time: ~47 seconds
Notes cut: 0
Notes lost totally: 0
Playing ./reconstructed_test_train_midi/vivaldi/train/vivaldi_mono_train_3.mid
MIDI file: ./reconstructed_test_train_midi/vivaldi/train/vivaldi_mono_train_3.mid
Format: 1  Tracks: 1  Divisions: 1024
Sequence: Piano
Playing time: ~57 seconds
Notes cut: 0
Notes lost totally: 0
Playing ./reconstructed_test_train_midi/vivaldi/train/vivaldi_mono_train_30.mid
MIDI file: ./reconstructed_test_train_midi/vivaldi/train/vivaldi_mono_train_30.mid
Format: 1  Tracks: 1  Divisions: 1024
Sequence: Piano
Playing time: ~14 seconds
Notes cut: 0
Notes lost totally: 0
Playing ./reconstructed_test_train_midi/vivaldi/train/vivaldi_mono_train_31.mid
MIDI file: ./reconstructed_test_train_midi/vivaldi/train/vivaldi_mono_train_31.mid
Format: 1  Tracks: 1  Divisions: 1024
Sequence: Piano
Playing time: ~174 seconds
Notes cut: 0
Notes lost totally: 0
Playing ./reconstructed_test_train_midi/vivaldi/train/vivaldi_mono_train_32.mid
MIDI file: ./reconstructed_test_train_midi/vivaldi/train/vivaldi_mono_train_32.mid
Format: 1  Tracks: 1  Divisions: 1024
Sequence: Piano
Playing time: ~84 seconds
Notes cut: 0
Notes lost totally: 0
Playing ./reconstructed_test_train_midi/vivaldi/train/vivaldi_mono_train_33.mid
MIDI file: ./reconstructed_test_train_midi/vivaldi/train/vivaldi_mono_train_33.mid
Format: 1  Tracks: 1  Divisions: 1024
Sequence: Piano
Playing time: ~124 seconds
Notes cut: 0
Notes lost totally: 0
Playing ./reconstructed_test_train_midi/vivaldi/train/vivaldi_mono_train_34.mid
MIDI file: ./reconstructed_test_train_midi/vivaldi/train/vivaldi_mono_train_34.mid
Format: 1  Tracks: 1  Divisions: 1024
Sequence: Piano
Playing time: ~73 seconds
Notes cut: 0
Notes lost totally: 0
Playing ./reconstructed_test_train_midi/vivaldi/train/vivaldi_mono_train_35.mid
MIDI file: ./reconstructed_test_train_midi/vivaldi/train/vivaldi_mono_train_35.mid
Format: 1  Tracks: 1  Divisions: 1024
Sequence: Piano
Playing time: ~11 seconds
Notes cut: 0
Notes lost totally: 0
Playing ./reconstructed_test_train_midi/vivaldi/train/vivaldi_mono_train_4.mid
MIDI file: ./reconstructed_test_train_midi/vivaldi/train/vivaldi_mono_train_4.mid
Format: 1  Tracks: 1  Divisions: 1024
Sequence: Piano
Playing time: ~91 seconds
Notes cut: 0
Notes lost totally: 0
Playing ./reconstructed_test_train_midi/vivaldi/train/vivaldi_mono_train_5.mid
MIDI file: ./reconstructed_test_train_midi/vivaldi/train/vivaldi_mono_train_5.mid
Format: 1  Tracks: 1  Divisions: 1024
Sequence: Piano
Playing time: ~17 seconds
Notes cut: 0
Notes lost totally: 0
Playing ./reconstructed_test_train_midi/vivaldi/train/vivaldi_mono_train_6.mid
MIDI file: ./reconstructed_test_train_midi/vivaldi/train/vivaldi_mono_train_6.mid
Format: 1  Tracks: 1  Divisions: 1024
Sequence: Piano
Playing time: ~59 seconds
Notes cut: 0
Notes lost totally: 0
Playing ./reconstructed_test_train_midi/vivaldi/train/vivaldi_mono_train_7.mid
MIDI file: ./reconstructed_test_train_midi/vivaldi/train/vivaldi_mono_train_7.mid
Format: 1  Tracks: 1  Divisions: 1024
Sequence: Piano
Playing time: ~52 seconds
Notes cut: 0
Notes lost totally: 0
Playing ./reconstructed_test_train_midi/vivaldi/train/vivaldi_mono_train_8.mid
MIDI file: ./reconstructed_test_train_midi/vivaldi/train/vivaldi_mono_train_8.mid
Format: 1  Tracks: 1  Divisions: 1024
Sequence: Piano
Playing time: ~92 seconds
Notes cut: 0
Notes lost totally: 0
Playing ./reconstructed_test_train_midi/vivaldi/train/vivaldi_mono_train_9.mid
MIDI file: ./reconstructed_test_train_midi/vivaldi/train/vivaldi_mono_train_9.mid
Format: 1  Tracks: 1  Divisions: 1024
Sequence: Piano
Playing time: ~63 seconds
Notes cut: 0
Notes lost totally: 0
Playing ./reconstructed_test_train_midi/vivaldi/train/vivaldi_mono_train_1.mid
MIDI file: ./reconstructed_test_train_midi/vivaldi/train/vivaldi_mono_train_1.mid
Format: 1  Tracks: 1  Divisions: 1024
Sequence: Piano
Playing time: ~73 seconds
Notes cut: 0
Notes lost totally: 0
Playing ./reconstructed_test_train_midi/vivaldi/train/vivaldi_mono_train_10.mid
MIDI file: ./reconstructed_test_train_midi/vivaldi/train/vivaldi_mono_train_10.mid
Format: 1  Tracks: 1  Divisions: 1024
Sequence: Piano
Playing time: ~50 seconds
Notes cut: 0
Notes lost totally: 0
Playing ./reconstructed_test_train_midi/vivaldi/train/vivaldi_mono_train_11.mid
MIDI file: ./reconstructed_test_train_midi/vivaldi/train/vivaldi_mono_train_11.mid
Format: 1  Tracks: 1  Divisions: 1024
Sequence: Piano
Playing ./reconstructed_test_train_midi/vivaldi/train/vivaldi_mono_train_12.mid
MIDI file: ./reconstructed_test_train_midi/vivaldi/train/vivaldi_mono_train_12.mid
Format: 1  Tracks: 1  Divisions: 1024
Sequence: Piano
Playing time: ~14 seconds
Notes cut: 0
Notes lost totally: 0
Playing ./reconstructed_test_train_midi/vivaldi/train/vivaldi_mono_train_13.mid
MIDI file: ./reconstructed_test_train_midi/vivaldi/train/vivaldi_mono_train_13.mid
Format: 1  Tracks: 1  Divisions: 1024
Sequence: Piano
Playing ./reconstructed_test_train_midi/vivaldi/train/vivaldi_mono_train_14.mid
MIDI file: ./reconstructed_test_train_midi/vivaldi/train/vivaldi_mono_train_14.mid
Format: 1  Tracks: 1  Divisions: 1024
Sequence: Piano
Playing ./reconstructed_test_train_midi/vivaldi/train/vivaldi_mono_train_15.mid
MIDI file: ./reconstructed_test_train_midi/vivaldi/train/vivaldi_mono_train_15.mid
Format: 1  Tracks: 1  Divisions: 1024
Sequence: Piano
Playing ./reconstructed_test_train_midi/vivaldi/train/vivaldi_mono_train_16.mid
MIDI file: ./reconstructed_test_train_midi/vivaldi/train/vivaldi_mono_train_16.mid
Format: 1  Tracks: 1  Divisions: 1024
Sequence: Piano
Playing time: ~25 seconds
Notes cut: 0
Notes lost totally: 0
Playing ./reconstructed_test_train_midi/vivaldi/train/vivaldi_mono_train_17.mid
MIDI file: ./reconstructed_test_train_midi/vivaldi/train/vivaldi_mono_train_17.mid
Format: 1  Tracks: 1  Divisions: 1024
Sequence: Piano
Playing ./reconstructed_test_train_midi/vivaldi/train/vivaldi_mono_train_18.mid
MIDI file: ./reconstructed_test_train_midi/vivaldi/train/vivaldi_mono_train_18.mid
Format: 1  Tracks: 1  Divisions: 1024
Sequence: Piano
Playing time: ~17 seconds
Notes cut: 0
Notes lost totally: 0
Playing ./reconstructed_test_train_midi/vivaldi/train/vivaldi_mono_train_19.mid
MIDI file: ./reconstructed_test_train_midi/vivaldi/train/vivaldi_mono_train_19.mid
Format: 1  Tracks: 1  Divisions: 1024
Sequence: Piano
Playing ./reconstructed_test_train_midi/vivaldi/train/vivaldi_mono_train_2.mid
MIDI file: ./reconstructed_test_train_midi/vivaldi/train/vivaldi_mono_train_2.mid
Format: 1  Tracks: 1  Divisions: 1024
Sequence: Piano
Playing time: ~24 seconds
Notes cut: 0
Notes lost totally: 0
Playing ./reconstructed_test_train_midi/vivaldi/train/vivaldi_mono_train_20.mid
MIDI file: ./reconstructed_test_train_midi/vivaldi/train/vivaldi_mono_train_20.mid
Format: 1  Tracks: 1  Divisions: 1024
Sequence: Piano
Playing ./reconstructed_test_train_midi/vivaldi/train/vivaldi_mono_train_21.mid
MIDI file: ./reconstructed_test_train_midi/vivaldi/train/vivaldi_mono_train_21.mid
Format: 1  Tracks: 1  Divisions: 1024
Sequence: Piano
Playing time: ~47 seconds
Notes cut: 0
Notes lost totally: 0
Playing ./reconstructed_test_train_midi/vivaldi/train/vivaldi_mono_train_22.mid
MIDI file: ./reconstructed_test_train_midi/vivaldi/train/vivaldi_mono_train_22.mid
Format: 1  Tracks: 1  Divisions: 1024
Sequence: Piano
Playing ./reconstructed_test_train_midi/vivaldi/train/vivaldi_mono_train_23.mid
MIDI file: ./reconstructed_test_train_midi/vivaldi/train/vivaldi_mono_train_23.mid
Format: 1  Tracks: 1  Divisions: 1024
Sequence: Piano
Playing time: ~24 seconds
Notes cut: 0
Notes lost totally: 0
Playing ./reconstructed_test_train_midi/vivaldi/train/vivaldi_mono_train_24.mid
MIDI file: ./reconstructed_test_train_midi/vivaldi/train/vivaldi_mono_train_24.mid
Format: 1  Tracks: 1  Divisions: 1024
Sequence: Piano
Playing ./reconstructed_test_train_midi/vivaldi/train/vivaldi_mono_train_25.mid
MIDI file: ./reconstructed_test_train_midi/vivaldi/train/vivaldi_mono_train_25.mid
Format: 1  Tracks: 1  Divisions: 1024
Sequence: Piano
Playing ./reconstructed_test_train_midi/vivaldi/train/vivaldi_mono_train_26.mid
MIDI file: ./reconstructed_test_train_midi/vivaldi/train/vivaldi_mono_train_26.mid
Format: 1  Tracks: 1  Divisions: 1024
Sequence: Piano
Playing ./reconstructed_test_train_midi/vivaldi/train/vivaldi_mono_train_27.mid
MIDI file: ./reconstructed_test_train_midi/vivaldi/train/vivaldi_mono_train_27.mid
Format: 1  Tracks: 1  Divisions: 1024
Sequence: Piano
Playing ./reconstructed_test_train_midi/vivaldi/train/vivaldi_mono_train_29.mid
MIDI file: ./reconstructed_test_train_midi/vivaldi/train/vivaldi_mono_train_29.mid
Format: 1  Tracks: 1  Divisions: 1024
Sequence: Piano
Playing ./reconstructed_test_train_midi/vivaldi/train/vivaldi_mono_train_3.mid
MIDI file: ./reconstructed_test_train_midi/vivaldi/train/vivaldi_mono_train_3.mid
Format: 1  Tracks: 1  Divisions: 1024
Sequence: Piano
Playing ./reconstructed_test_train_midi/vivaldi/train/vivaldi_mono_train_30.mid
MIDI file: ./reconstructed_test_train_midi/vivaldi/train/vivaldi_mono_train_30.mid
Format: 1  Tracks: 1  Divisions: 1024
Sequence: Piano
Playing time: ~14 seconds
Notes cut: 0
Notes lost totally: 0
Playing ./reconstructed_test_train_midi/vivaldi/train/vivaldi_mono_train_31.mid
MIDI file: ./reconstructed_test_train_midi/vivaldi/train/vivaldi_mono_train_31.mid
Format: 1  Tracks: 1  Divisions: 1024
Sequence: Piano
Playing ./reconstructed_test_train_midi/vivaldi/train/vivaldi_mono_train_1.mid
MIDI file: ./reconstructed_test_train_midi/vivaldi/train/vivaldi_mono_train_1.mid
Format: 1  Tracks: 1  Divisions: 1024
Sequence: Piano
Playing time: ~73 seconds
Notes cut: 0
Notes lost totally: 0
Playing ./reconstructed_test_train_midi/vivaldi/train/vivaldi_mono_train_10.mid
MIDI file: ./reconstructed_test_train_midi/vivaldi/train/vivaldi_mono_train_10.mid
Format: 1  Tracks: 1  Divisions: 1024
Sequence: Piano
Playing time: ~50 seconds
Notes cut: 0
Notes lost totally: 0
Playing ./reconstructed_test_train_midi/vivaldi/train/vivaldi_mono_train_11.mid
MIDI file: ./reconstructed_test_train_midi/vivaldi/train/vivaldi_mono_train_11.mid
Format: 1  Tracks: 1  Divisions: 1024
Sequence: Piano
Playing ./reconstructed_test_train_midi/vivaldi/train/vivaldi_mono_train_12.mid
MIDI file: ./reconstructed_test_train_midi/vivaldi/train/vivaldi_mono_train_12.mid
Format: 1  Tracks: 1  Divisions: 1024
Sequence: Piano
Playing time: ~14 seconds
Notes cut: 0
Notes lost totally: 0
Playing ./reconstructed_test_train_midi/vivaldi/train/vivaldi_mono_train_13.mid
MIDI file: ./reconstructed_test_train_midi/vivaldi/train/vivaldi_mono_train_13.mid
Format: 1  Tracks: 1  Divisions: 1024
Sequence: Piano
Playing ./reconstructed_test_train_midi/vivaldi/train/vivaldi_mono_train_19.mid
MIDI file: ./reconstructed_test_train_midi/vivaldi/train/vivaldi_mono_train_19.mid
Format: 1  Tracks: 1  Divisions: 1024
Sequence: Piano
Playing ./reconstructed_test_train_midi/vivaldi/train/vivaldi_mono_train_2.mid
MIDI file: ./reconstructed_test_train_midi/vivaldi/train/vivaldi_mono_train_2.mid
Format: 1  Tracks: 1  Divisions: 1024
Sequence: Piano
Playing ./reconstructed_test_train_midi/vivaldi/train/vivaldi_mono_train_20.mid
MIDI file: ./reconstructed_test_train_midi/vivaldi/train/vivaldi_mono_train_20.mid
Format: 1  Tracks: 1  Divisions: 1024
Sequence: Piano
Playing ./reconstructed_test_train_midi/vivaldi/train/vivaldi_mono_train_21.mid
MIDI file: ./reconstructed_test_train_midi/vivaldi/train/vivaldi_mono_train_21.mid
Format: 1  Tracks: 1  Divisions: 1024
Sequence: Piano
Playing ./reconstructed_test_train_midi/vivaldi/train/vivaldi_mono_train_22.mid
MIDI file: ./reconstructed_test_train_midi/vivaldi/train/vivaldi_mono_train_22.mid
Format: 1  Tracks: 1  Divisions: 1024
Sequence: Piano
Playing ./reconstructed_test_train_midi/vivaldi/train/vivaldi_mono_train_23.mid
MIDI file: ./reconstructed_test_train_midi/vivaldi/train/vivaldi_mono_train_23.mid
Format: 1  Tracks: 1  Divisions: 1024
Sequence: Piano
Playing ./reconstructed_test_train_midi/vivaldi/train/vivaldi_mono_train_24.mid
MIDI file: ./reconstructed_test_train_midi/vivaldi/train/vivaldi_mono_train_24.mid
Format: 1  Tracks: 1  Divisions: 1024
Sequence: Piano
Playing ./reconstructed_test_train_midi/vivaldi/train/vivaldi_mono_train_25.mid
MIDI file: ./reconstructed_test_train_midi/vivaldi/train/vivaldi_mono_train_25.mid
Format: 1  Tracks: 1  Divisions: 1024
Sequence: Piano
Playing ./reconstructed_test_train_midi/vivaldi/train/vivaldi_mono_train_26.mid
MIDI file: ./reconstructed_test_train_midi/vivaldi/train/vivaldi_mono_train_26.mid
Format: 1  Tracks: 1  Divisions: 1024
Sequence: Piano
Playing ./reconstructed_test_train_midi/vivaldi/train/vivaldi_mono_train_27.mid
MIDI file: ./reconstructed_test_train_midi/vivaldi/train/vivaldi_mono_train_27.mid
Format: 1  Tracks: 1  Divisions: 1024
Sequence: Piano
Playing ./reconstructed_test_train_midi/vivaldi/train/vivaldi_mono_train_28.mid
MIDI file: ./reconstructed_test_train_midi/vivaldi/train/vivaldi_mono_train_28.mid
Format: 1  Tracks: 1  Divisions: 1024
Sequence: Piano
Playing ./reconstructed_test_train_midi/vivaldi/train/vivaldi_mono_train_29.mid
MIDI file: ./reconstructed_test_train_midi/vivaldi/train/vivaldi_mono_train_29.mid
Format: 1  Tracks: 1  Divisions: 1024
Sequence: Piano
Playing ./reconstructed_test_train_midi/vivaldi/train/vivaldi_mono_train_30.mid
MIDI file: ./reconstructed_test_train_midi/vivaldi/train/vivaldi_mono_train_30.mid
Format: 1  Tracks: 1  Divisions: 1024
Sequence: Piano
Playing ./reconstructed_test_train_midi/vivaldi/train/vivaldi_mono_train_31.mid
MIDI file: ./reconstructed_test_train_midi/vivaldi/train/vivaldi_mono_train_31.mid
Format: 1  Tracks: 1  Divisions: 1024
Sequence: Piano
Playing ./reconstructed_test_train_midi/vivaldi/train/vivaldi_mono_train_32.mid
MIDI file: ./reconstructed_test_train_midi/vivaldi/train/vivaldi_mono_train_32.mid
Format: 1  Tracks: 1  Divisions: 1024
Sequence: Piano
Playing ./reconstructed_test_train_midi/vivaldi/train/vivaldi_mono_train_33.mid
MIDI file: ./reconstructed_test_train_midi/vivaldi/train/vivaldi_mono_train_33.mid
Format: 1  Tracks: 1  Divisions: 1024
Sequence: Piano
Playing ./reconstructed_test_train_midi/vivaldi/train/vivaldi_mono_train_34.mid
MIDI file: ./reconstructed_test_train_midi/vivaldi/train/vivaldi_mono_train_34.mid
Format: 1  Tracks: 1  Divisions: 1024
Sequence: Piano
Playing ./reconstructed_test_train_midi/vivaldi/train/vivaldi_mono_train_35.mid
MIDI file: ./reconstructed_test_train_midi/vivaldi/train/vivaldi_mono_train_35.mid
Format: 1  Tracks: 1  Divisions: 1024
Sequence: Piano
Playing time: ~11 seconds
Notes cut: 0
Notes lost totally: 0
Playing ./reconstructed_test_train_midi/vivaldi/train/vivaldi_mono_train_4.mid
MIDI file: ./reconstructed_test_train_midi/vivaldi/train/vivaldi_mono_train_4.mid
Format: 1  Tracks: 1  Divisions: 1024
Sequence: Piano
Playing ./reconstructed_test_train_midi/vivaldi/train/vivaldi_mono_train_5.mid
MIDI file: ./reconstructed_test_train_midi/vivaldi/train/vivaldi_mono_train_5.mid
Format: 1  Tracks: 1  Divisions: 1024
Sequence: Piano
Playing time: ~17 seconds
Notes cut: 0
Notes lost totally: 0
Playing ./reconstructed_test_train_midi/vivaldi/train/vivaldi_mono_train_1.mid
MIDI file: ./reconstructed_test_train_midi/vivaldi/train/vivaldi_mono_train_1.mid
Format: 1  Tracks: 1  Divisions: 1024
Sequence: Piano
Playing time: ~73 seconds
Notes cut: 0
Notes lost totally: 0
Playing ./reconstructed_test_train_midi/vivaldi/train/vivaldi_mono_train_10.mid
MIDI file: ./reconstructed_test_train_midi/vivaldi/train/vivaldi_mono_train_10.mid
Format: 1  Tracks: 1  Divisions: 1024
Sequence: Piano
Playing time: ~50 seconds
Notes cut: 0
Notes lost totally: 0
Playing ./reconstructed_test_train_midi/vivaldi/train/vivaldi_mono_train_11.mid
MIDI file: ./reconstructed_test_train_midi/vivaldi/train/vivaldi_mono_train_11.mid
Format: 1  Tracks: 1  Divisions: 1024
Sequence: Piano
Playing time: ~76 seconds
Notes cut: 0
Notes lost totally: 0
Playing ./reconstructed_test_train_midi/vivaldi/train/vivaldi_mono_train_12.mid
MIDI file: ./reconstructed_test_train_midi/vivaldi/train/vivaldi_mono_train_12.mid
Format: 1  Tracks: 1  Divisions: 1024
Sequence: Piano
Playing time: ~14 seconds
Notes cut: 0
Notes lost totally: 0
Playing ./reconstructed_test_train_midi/vivaldi/train/vivaldi_mono_train_13.mid
MIDI file: ./reconstructed_test_train_midi/vivaldi/train/vivaldi_mono_train_13.mid
Format: 1  Tracks: 1  Divisions: 1024
Sequence: Piano
Playing time: ~91 seconds
Notes cut: 0
Notes lost totally: 0
Playing ./reconstructed_test_train_midi/vivaldi/train/vivaldi_mono_train_14.mid
MIDI file: ./reconstructed_test_train_midi/vivaldi/train/vivaldi_mono_train_14.mid
Format: 1  Tracks: 1  Divisions: 1024
Sequence: Piano
Playing time: ~120 seconds
Notes cut: 0
Notes lost totally: 0
Playing ./reconstructed_test_train_midi/vivaldi/train/vivaldi_mono_train_15.mid
MIDI file: ./reconstructed_test_train_midi/vivaldi/train/vivaldi_mono_train_15.mid
Format: 1  Tracks: 1  Divisions: 1024
Sequence: Piano
Playing time: ~70 seconds
Notes cut: 0
Notes lost totally: 0
Playing ./reconstructed_test_train_midi/vivaldi/train/vivaldi_mono_train_16.mid
MIDI file: ./reconstructed_test_train_midi/vivaldi/train/vivaldi_mono_train_16.mid
Format: 1  Tracks: 1  Divisions: 1024
Sequence: Piano
Playing time: ~25 seconds
Notes cut: 0
Notes lost totally: 0
Playing ./reconstructed_test_train_midi/vivaldi/train/vivaldi_mono_train_17.mid
MIDI file: ./reconstructed_test_train_midi/vivaldi/train/vivaldi_mono_train_17.mid
Format: 1  Tracks: 1  Divisions: 1024
Sequence: Piano
Playing time: ~87 seconds
Notes cut: 0
Notes lost totally: 0
Playing ./reconstructed_test_train_midi/vivaldi/train/vivaldi_mono_train_18.mid
MIDI file: ./reconstructed_test_train_midi/vivaldi/train/vivaldi_mono_train_18.mid
Format: 1  Tracks: 1  Divisions: 1024
Sequence: Piano
Playing time: ~17 seconds
Notes cut: 0
Notes lost totally: 0
Playing ./reconstructed_test_train_midi/vivaldi/train/vivaldi_mono_train_19.mid
MIDI file: ./reconstructed_test_train_midi/vivaldi/train/vivaldi_mono_train_19.mid
Format: 1  Tracks: 1  Divisions: 1024
Sequence: Piano
Playing time: ~100 seconds
Notes cut: 0
Notes lost totally: 0
Playing ./reconstructed_test_train_midi/vivaldi/train/vivaldi_mono_train_2.mid
MIDI file: ./reconstructed_test_train_midi/vivaldi/train/vivaldi_mono_train_2.mid
Format: 1  Tracks: 1  Divisions: 1024
Sequence: Piano
Playing time: ~24 seconds
Notes cut: 0
Notes lost totally: 0
Playing ./reconstructed_test_train_midi/vivaldi/train/vivaldi_mono_train_20.mid
MIDI file: ./reconstructed_test_train_midi/vivaldi/train/vivaldi_mono_train_20.mid
Format: 1  Tracks: 1  Divisions: 1024
Sequence: Piano
Playing time: ~31 seconds
Notes cut: 0
Notes lost totally: 0
Playing ./reconstructed_test_train_midi/vivaldi/train/vivaldi_mono_train_21.mid
MIDI file: ./reconstructed_test_train_midi/vivaldi/train/vivaldi_mono_train_21.mid
Format: 1  Tracks: 1  Divisions: 1024
Sequence: Piano
Playing time: ~47 seconds
Notes cut: 0
Notes lost totally: 0
Playing ./reconstructed_test_train_midi/vivaldi/train/vivaldi_mono_train_22.mid
MIDI file: ./reconstructed_test_train_midi/vivaldi/train/vivaldi_mono_train_22.mid
Format: 1  Tracks: 1  Divisions: 1024
Sequence: Piano
Playing time: ~95 seconds
Notes cut: 0
Notes lost totally: 0
Playing ./reconstructed_test_train_midi/vivaldi/train/vivaldi_mono_train_23.mid
MIDI file: ./reconstructed_test_train_midi/vivaldi/train/vivaldi_mono_train_23.mid
Format: 1  Tracks: 1  Divisions: 1024
Sequence: Piano
Playing time: ~24 seconds
Notes cut: 0
Notes lost totally: 0
Playing ./reconstructed_test_train_midi/vivaldi/train/vivaldi_mono_train_24.mid
MIDI file: ./reconstructed_test_train_midi/vivaldi/train/vivaldi_mono_train_24.mid
Format: 1  Tracks: 1  Divisions: 1024
Sequence: Piano
Playing time: ~260 seconds
Notes cut: 0
Notes lost totally: 0
Playing ./reconstructed_test_train_midi/vivaldi/train/vivaldi_mono_train_25.mid
MIDI file: ./reconstructed_test_train_midi/vivaldi/train/vivaldi_mono_train_25.mid
Format: 1  Tracks: 1  Divisions: 1024
Sequence: Piano
Playing time: ~446 seconds
Notes cut: 0
Notes lost totally: 0
Playing ./reconstructed_test_train_midi/vivaldi/train/vivaldi_mono_train_26.mid
MIDI file: ./reconstructed_test_train_midi/vivaldi/train/vivaldi_mono_train_26.mid
Format: 1  Tracks: 1  Divisions: 1024
Sequence: Piano
Playing time: ~133 seconds
Notes cut: 0
Notes lost totally: 0
Playing ./reconstructed_test_train_midi/vivaldi/train/vivaldi_mono_train_27.mid
MIDI file: ./reconstructed_test_train_midi/vivaldi/train/vivaldi_mono_train_27.mid
Format: 1  Tracks: 1  Divisions: 1024
Sequence: Piano
Playing time: ~36 seconds
Notes cut: 0
Notes lost totally: 0
Playing ./reconstructed_test_train_midi/vivaldi/train/vivaldi_mono_train_28.mid
MIDI file: ./reconstructed_test_train_midi/vivaldi/train/vivaldi_mono_train_28.mid
Format: 1  Tracks: 1  Divisions: 1024
Sequence: Piano
Playing time: ~18 seconds
Notes cut: 0
Notes lost totally: 0
Playing ./reconstructed_test_train_midi/vivaldi/train/vivaldi_mono_train_29.mid
MIDI file: ./reconstructed_test_train_midi/vivaldi/train/vivaldi_mono_train_29.mid
Format: 1  Tracks: 1  Divisions: 1024
Sequence: Piano
Playing time: ~47 seconds
Notes cut: 0
Notes lost totally: 0
Playing ./reconstructed_test_train_midi/vivaldi/train/vivaldi_mono_train_3.mid
MIDI file: ./reconstructed_test_train_midi/vivaldi/train/vivaldi_mono_train_3.mid
Format: 1  Tracks: 1  Divisions: 1024
Sequence: Piano
Playing time: ~57 seconds
Notes cut: 0
Notes lost totally: 0
Playing ./reconstructed_test_train_midi/vivaldi/train/vivaldi_mono_train_30.mid
MIDI file: ./reconstructed_test_train_midi/vivaldi/train/vivaldi_mono_train_30.mid
Format: 1  Tracks: 1  Divisions: 1024
Sequence: Piano
Playing time: ~14 seconds
Notes cut: 0
Notes lost totally: 0
Playing ./reconstructed_test_train_midi/vivaldi/train/vivaldi_mono_train_31.mid
MIDI file: ./reconstructed_test_train_midi/vivaldi/train/vivaldi_mono_train_31.mid
Format: 1  Tracks: 1  Divisions: 1024
Sequence: Piano
Playing time: ~174 seconds
Notes cut: 0
Notes lost totally: 0
Playing ./reconstructed_test_train_midi/vivaldi/train/vivaldi_mono_train_32.mid
MIDI file: ./reconstructed_test_train_midi/vivaldi/train/vivaldi_mono_train_32.mid
Format: 1  Tracks: 1  Divisions: 1024
Sequence: Piano
Playing time: ~84 seconds
Notes cut: 0
Notes lost totally: 0
Playing ./reconstructed_test_train_midi/vivaldi/train/vivaldi_mono_train_33.mid
MIDI file: ./reconstructed_test_train_midi/vivaldi/train/vivaldi_mono_train_33.mid
Format: 1  Tracks: 1  Divisions: 1024
Sequence: Piano
Playing time: ~124 seconds
Notes cut: 0
Notes lost totally: 0
Playing ./reconstructed_test_train_midi/vivaldi/train/vivaldi_mono_train_34.mid
MIDI file: ./reconstructed_test_train_midi/vivaldi/train/vivaldi_mono_train_34.mid
Format: 1  Tracks: 1  Divisions: 1024
Sequence: Piano
Playing time: ~73 seconds
Notes cut: 0
Notes lost totally: 0
Playing ./reconstructed_test_train_midi/vivaldi/train/vivaldi_mono_train_35.mid
MIDI file: ./reconstructed_test_train_midi/vivaldi/train/vivaldi_mono_train_35.mid
Format: 1  Tracks: 1  Divisions: 1024
Sequence: Piano
Playing time: ~11 seconds
Notes cut: 0
Notes lost totally: 0
Playing ./reconstructed_test_train_midi/vivaldi/train/vivaldi_mono_train_4.mid
MIDI file: ./reconstructed_test_train_midi/vivaldi/train/vivaldi_mono_train_4.mid
Format: 1  Tracks: 1  Divisions: 1024
Sequence: Piano
Playing time: ~91 seconds
Notes cut: 0
Notes lost totally: 0
Playing ./reconstructed_test_train_midi/vivaldi/train/vivaldi_mono_train_5.mid
MIDI file: ./reconstructed_test_train_midi/vivaldi/train/vivaldi_mono_train_5.mid
Format: 1  Tracks: 1  Divisions: 1024
Sequence: Piano
Playing time: ~17 seconds
Notes cut: 0
Notes lost totally: 0
Playing ./reconstructed_test_train_midi/vivaldi/train/vivaldi_mono_train_6.mid
MIDI file: ./reconstructed_test_train_midi/vivaldi/train/vivaldi_mono_train_6.mid
Format: 1  Tracks: 1  Divisions: 1024
Sequence: Piano
Playing time: ~59 seconds
Notes cut: 0
Notes lost totally: 0
Playing ./reconstructed_test_train_midi/vivaldi/train/vivaldi_mono_train_7.mid
MIDI file: ./reconstructed_test_train_midi/vivaldi/train/vivaldi_mono_train_7.mid
Format: 1  Tracks: 1  Divisions: 1024
Sequence: Piano
Playing time: ~52 seconds
Notes cut: 0
Notes lost totally: 0
Playing ./reconstructed_test_train_midi/vivaldi/train/vivaldi_mono_train_8.mid
MIDI file: ./reconstructed_test_train_midi/vivaldi/train/vivaldi_mono_train_8.mid
Format: 1  Tracks: 1  Divisions: 1024
Sequence: Piano
Playing time: ~92 seconds
Notes cut: 0
Notes lost totally: 0
Playing ./reconstructed_test_train_midi/vivaldi/train/vivaldi_mono_train_9.mid
MIDI file: ./reconstructed_test_train_midi/vivaldi/train/vivaldi_mono_train_9.mid
Format: 1  Tracks: 1  Divisions: 1024
Sequence: Piano
Playing time: ~63 seconds
Notes cut: 0
Notes lost totally: 0
