Playing ./reconstructed_test_train_midi/brahms/train/brahms_mono_train_1.mid
MIDI file: ./reconstructed_test_train_midi/brahms/train/brahms_mono_train_1.mid
Format: 1  Tracks: 1  Divisions: 1024
Sequence: Piano
Playing time: ~829 seconds
Notes cut: 0
Notes lost totally: 0
Playing ./reconstructed_test_train_midi/brahms/train/brahms_mono_train_10.mid
MIDI file: ./reconstructed_test_train_midi/brahms/train/brahms_mono_train_10.mid
Format: 1  Tracks: 1  Divisions: 1024
Sequence: Piano
Playing time: ~229 seconds
Notes cut: 0
Notes lost totally: 0
Playing ./reconstructed_test_train_midi/brahms/train/brahms_mono_train_11.mid
MIDI file: ./reconstructed_test_train_midi/brahms/train/brahms_mono_train_11.mid
Format: 1  Tracks: 1  Divisions: 1024
Sequence: Piano
Playing time: ~533 seconds
Notes cut: 0
Notes lost totally: 0
Playing ./reconstructed_test_train_midi/brahms/train/brahms_mono_train_12.mid
MIDI file: ./reconstructed_test_train_midi/brahms/train/brahms_mono_train_12.mid
Format: 1  Tracks: 1  Divisions: 1024
Sequence: Piano
Playing time: ~164 seconds
Notes cut: 0
Notes lost totally: 0
Playing ./reconstructed_test_train_midi/brahms/train/brahms_mono_train_13.mid
MIDI file: ./reconstructed_test_train_midi/brahms/train/brahms_mono_train_13.mid
Format: 1  Tracks: 1  Divisions: 1024
Sequence: Piano
Playing time: ~130 seconds
Notes cut: 0
Notes lost totally: 0
Playing ./reconstructed_test_train_midi/brahms/train/brahms_mono_train_14.mid
MIDI file: ./reconstructed_test_train_midi/brahms/train/brahms_mono_train_14.mid
Format: 1  Tracks: 1  Divisions: 1024
Sequence: Piano
Playing time: ~227 seconds
Notes cut: 0
Notes lost totally: 0
Playing ./reconstructed_test_train_midi/brahms/train/brahms_mono_train_15.mid
MIDI file: ./reconstructed_test_train_midi/brahms/train/brahms_mono_train_15.mid
Format: 1  Tracks: 1  Divisions: 1024
Sequence: Piano
Playing time: ~373 seconds
Notes cut: 0
Notes lost totally: 0
Playing ./reconstructed_test_train_midi/brahms/train/brahms_mono_train_16.mid
MIDI file: ./reconstructed_test_train_midi/brahms/train/brahms_mono_train_16.mid
Format: 1  Tracks: 1  Divisions: 1024
Sequence: Piano
Playing time: ~200 seconds
Notes cut: 0
Notes lost totally: 0
Playing ./reconstructed_test_train_midi/brahms/train/brahms_mono_train_17.mid
MIDI file: ./reconstructed_test_train_midi/brahms/train/brahms_mono_train_17.mid
Format: 1  Tracks: 1  Divisions: 1024
Sequence: Piano
Playing time: ~2589 seconds
Notes cut: 0
Notes lost totally: 0
Playing ./reconstructed_test_train_midi/brahms/train/brahms_mono_train_18.mid
MIDI file: ./reconstructed_test_train_midi/brahms/train/brahms_mono_train_18.mid
Format: 1  Tracks: 1  Divisions: 1024
Sequence: Piano
Playing time: ~71 seconds
Notes cut: 0
Notes lost totally: 0
Playing ./reconstructed_test_train_midi/brahms/train/brahms_mono_train_19.mid
MIDI file: ./reconstructed_test_train_midi/brahms/train/brahms_mono_train_19.mid
Format: 1  Tracks: 1  Divisions: 1024
Sequence: Piano
Playing time: ~119 seconds
Notes cut: 0
Notes lost totally: 0
Playing ./reconstructed_test_train_midi/brahms/train/brahms_mono_train_2.mid
MIDI file: ./reconstructed_test_train_midi/brahms/train/brahms_mono_train_2.mid
Format: 1  Tracks: 1  Divisions: 1024
Sequence: Piano
Playing time: ~307 seconds
Notes cut: 0
Notes lost totally: 0
Playing ./reconstructed_test_train_midi/brahms/train/brahms_mono_train_20.mid
MIDI file: ./reconstructed_test_train_midi/brahms/train/brahms_mono_train_20.mid
Format: 1  Tracks: 1  Divisions: 1024
Sequence: Piano
Playing time: ~35 seconds
Notes cut: 0
Notes lost totally: 0
Playing ./reconstructed_test_train_midi/brahms/train/brahms_mono_train_21.mid
MIDI file: ./reconstructed_test_train_midi/brahms/train/brahms_mono_train_21.mid
Format: 1  Tracks: 1  Divisions: 1024
Sequence: Piano
Playing time: ~665 seconds
Notes cut: 0
Notes lost totally: 0
Playing ./reconstructed_test_train_midi/brahms/train/brahms_mono_train_22.mid
MIDI file: ./reconstructed_test_train_midi/brahms/train/brahms_mono_train_22.mid
Format: 1  Tracks: 1  Divisions: 1024
Sequence: Piano
Playing time: ~143 seconds
Notes cut: 0
Notes lost totally: 0
Playing ./reconstructed_test_train_midi/brahms/train/brahms_mono_train_23.mid
MIDI file: ./reconstructed_test_train_midi/brahms/train/brahms_mono_train_23.mid
Format: 1  Tracks: 1  Divisions: 1024
Sequence: Piano
Playing time: ~169 seconds
Notes cut: 0
Notes lost totally: 0
Playing ./reconstructed_test_train_midi/brahms/train/brahms_mono_train_24.mid
MIDI file: ./reconstructed_test_train_midi/brahms/train/brahms_mono_train_24.mid
Format: 1  Tracks: 1  Divisions: 1024
Sequence: Piano
Playing time: ~134 seconds
Notes cut: 0
Notes lost totally: 0
Playing ./reconstructed_test_train_midi/brahms/train/brahms_mono_train_25.mid
MIDI file: ./reconstructed_test_train_midi/brahms/train/brahms_mono_train_25.mid
Format: 1  Tracks: 1  Divisions: 1024
Sequence: Piano
Playing time: ~135 seconds
Notes cut: 0
Notes lost totally: 0
Playing ./reconstructed_test_train_midi/brahms/train/brahms_mono_train_26.mid
MIDI file: ./reconstructed_test_train_midi/brahms/train/brahms_mono_train_26.mid
Format: 1  Tracks: 1  Divisions: 1024
Sequence: Piano
Playing time: ~982 seconds
Notes cut: 0
Notes lost totally: 0
Playing ./reconstructed_test_train_midi/brahms/train/brahms_mono_train_27.mid
MIDI file: ./reconstructed_test_train_midi/brahms/train/brahms_mono_train_27.mid
Format: 1  Tracks: 1  Divisions: 1024
Sequence: Piano
Playing time: ~152 seconds
Notes cut: 0
Notes lost totally: 0
Playing ./reconstructed_test_train_midi/brahms/train/brahms_mono_train_28.mid
MIDI file: ./reconstructed_test_train_midi/brahms/train/brahms_mono_train_28.mid
Format: 1  Tracks: 1  Divisions: 1024
Sequence: Piano
Playing time: ~166 seconds
Notes cut: 0
Notes lost totally: 0
Playing ./reconstructed_test_train_midi/brahms/train/brahms_mono_train_29.mid
MIDI file: ./reconstructed_test_train_midi/brahms/train/brahms_mono_train_29.mid
Format: 1  Tracks: 1  Divisions: 1024
Sequence: Piano
Playing time: ~55 seconds
Notes cut: 0
Notes lost totally: 0
Playing ./reconstructed_test_train_midi/brahms/train/brahms_mono_train_3.mid
MIDI file: ./reconstructed_test_train_midi/brahms/train/brahms_mono_train_3.mid
Format: 1  Tracks: 1  Divisions: 1024
Sequence: Piano
Playing time: ~127 seconds
Notes cut: 0
Notes lost totally: 0
Playing ./reconstructed_test_train_midi/brahms/train/brahms_mono_train_30.mid
MIDI file: ./reconstructed_test_train_midi/brahms/train/brahms_mono_train_30.mid
Format: 1  Tracks: 1  Divisions: 1024
Sequence: Piano
Playing time: ~49 seconds
Notes cut: 0
Notes lost totally: 0
Playing ./reconstructed_test_train_midi/brahms/train/brahms_mono_train_31.mid
MIDI file: ./reconstructed_test_train_midi/brahms/train/brahms_mono_train_31.mid
Format: 1  Tracks: 1  Divisions: 1024
Sequence: Piano
Playing time: ~70 seconds
Notes cut: 0
Notes lost totally: 0
Playing ./reconstructed_test_train_midi/brahms/train/brahms_mono_train_32.mid
MIDI file: ./reconstructed_test_train_midi/brahms/train/brahms_mono_train_32.mid
Format: 1  Tracks: 1  Divisions: 1024
Sequence: Piano
Playing time: ~294 seconds
Notes cut: 0
Notes lost totally: 0
Playing ./reconstructed_test_train_midi/brahms/train/brahms_mono_train_33.mid
MIDI file: ./reconstructed_test_train_midi/brahms/train/brahms_mono_train_33.mid
Format: 1  Tracks: 1  Divisions: 1024
Sequence: Piano
Playing time: ~1076 seconds
Notes cut: 0
Notes lost totally: 0
Playing ./reconstructed_test_train_midi/brahms/train/brahms_mono_train_34.mid
MIDI file: ./reconstructed_test_train_midi/brahms/train/brahms_mono_train_34.mid
Format: 1  Tracks: 1  Divisions: 1024
Sequence: Piano
Playing time: ~127 seconds
Notes cut: 0
Notes lost totally: 0
Playing ./reconstructed_test_train_midi/brahms/train/brahms_mono_train_35.mid
MIDI file: ./reconstructed_test_train_midi/brahms/train/brahms_mono_train_35.mid
Format: 1  Tracks: 1  Divisions: 1024
Sequence: Piano
Playing time: ~45 seconds
Notes cut: 0
Notes lost totally: 0
Playing ./reconstructed_test_train_midi/brahms/train/brahms_mono_train_36.mid
MIDI file: ./reconstructed_test_train_midi/brahms/train/brahms_mono_train_36.mid
Format: 1  Tracks: 1  Divisions: 1024
Sequence: Piano
Playing time: ~29 seconds
Notes cut: 0
Notes lost totally: 0
Playing ./reconstructed_test_train_midi/brahms/train/brahms_mono_train_37.mid
MIDI file: ./reconstructed_test_train_midi/brahms/train/brahms_mono_train_37.mid
Format: 1  Tracks: 1  Divisions: 1024
Sequence: Piano
Playing time: ~89 seconds
Notes cut: 0
Notes lost totally: 0
Playing ./reconstructed_test_train_midi/brahms/train/brahms_mono_train_38.mid
MIDI file: ./reconstructed_test_train_midi/brahms/train/brahms_mono_train_38.mid
Format: 1  Tracks: 1  Divisions: 1024
Sequence: Piano
Playing time: ~207 seconds
Notes cut: 0
Notes lost totally: 0
Playing ./reconstructed_test_train_midi/brahms/train/brahms_mono_train_39.mid
MIDI file: ./reconstructed_test_train_midi/brahms/train/brahms_mono_train_39.mid
Format: 1  Tracks: 1  Divisions: 1024
Sequence: Piano
Playing time: ~888 seconds
Notes cut: 0
Notes lost totally: 0
Playing ./reconstructed_test_train_midi/brahms/train/brahms_mono_train_4.mid
MIDI file: ./reconstructed_test_train_midi/brahms/train/brahms_mono_train_4.mid
Format: 1  Tracks: 1  Divisions: 1024
Sequence: Piano
Playing time: ~85 seconds
Notes cut: 0
Notes lost totally: 0
Playing ./reconstructed_test_train_midi/brahms/train/brahms_mono_train_40.mid
MIDI file: ./reconstructed_test_train_midi/brahms/train/brahms_mono_train_40.mid
Format: 1  Tracks: 1  Divisions: 1024
Sequence: Piano
Playing time: ~162 seconds
Notes cut: 0
Notes lost totally: 0
Playing ./reconstructed_test_train_midi/brahms/train/brahms_mono_train_41.mid
MIDI file: ./reconstructed_test_train_midi/brahms/train/brahms_mono_train_41.mid
Format: 1  Tracks: 1  Divisions: 1024
Sequence: Piano
Playing time: ~155 seconds
Notes cut: 0
Notes lost totally: 0
Playing ./reconstructed_test_train_midi/brahms/train/brahms_mono_train_42.mid
MIDI file: ./reconstructed_test_train_midi/brahms/train/brahms_mono_train_42.mid
Format: 1  Tracks: 1  Divisions: 1024
Sequence: Piano
Playing time: ~181 seconds
Notes cut: 0
Notes lost totally: 0
Playing ./reconstructed_test_train_midi/brahms/train/brahms_mono_train_43.mid
MIDI file: ./reconstructed_test_train_midi/brahms/train/brahms_mono_train_43.mid
Format: 1  Tracks: 1  Divisions: 1024
Sequence: Piano
Playing time: ~110 seconds
Notes cut: 0
Notes lost totally: 0
Playing ./reconstructed_test_train_midi/brahms/train/brahms_mono_train_44.mid
MIDI file: ./reconstructed_test_train_midi/brahms/train/brahms_mono_train_44.mid
Format: 1  Tracks: 1  Divisions: 1024
Sequence: Piano
Playing time: ~64 seconds
Notes cut: 0
Notes lost totally: 0
Playing ./reconstructed_test_train_midi/brahms/train/brahms_mono_train_45.mid
MIDI file: ./reconstructed_test_train_midi/brahms/train/brahms_mono_train_45.mid
Format: 1  Tracks: 1  Divisions: 1024
Sequence: Piano
Playing time: ~456 seconds
Notes cut: 0
Notes lost totally: 0
Playing ./reconstructed_test_train_midi/brahms/train/brahms_mono_train_46.mid
MIDI file: ./reconstructed_test_train_midi/brahms/train/brahms_mono_train_46.mid
Format: 1  Tracks: 1  Divisions: 1024
Sequence: Piano
Playing time: ~57 seconds
Notes cut: 0
Notes lost totally: 0
Playing ./reconstructed_test_train_midi/brahms/train/brahms_mono_train_47.mid
MIDI file: ./reconstructed_test_train_midi/brahms/train/brahms_mono_train_47.mid
Format: 1  Tracks: 1  Divisions: 1024
Sequence: Piano
Playing time: ~173 seconds
Notes cut: 0
Notes lost totally: 0
Playing ./reconstructed_test_train_midi/brahms/train/brahms_mono_train_48.mid
MIDI file: ./reconstructed_test_train_midi/brahms/train/brahms_mono_train_48.mid
Format: 1  Tracks: 1  Divisions: 1024
Sequence: Piano
Playing time: ~127 seconds
Notes cut: 0
Notes lost totally: 0
Playing ./reconstructed_test_train_midi/brahms/train/brahms_mono_train_49.mid
MIDI file: ./reconstructed_test_train_midi/brahms/train/brahms_mono_train_49.mid
Format: 1  Tracks: 1  Divisions: 1024
Sequence: Piano
Playing time: ~759 seconds
Notes cut: 0
Notes lost totally: 0
Playing ./reconstructed_test_train_midi/brahms/train/brahms_mono_train_5.mid
MIDI file: ./reconstructed_test_train_midi/brahms/train/brahms_mono_train_5.mid
Format: 1  Tracks: 1  Divisions: 1024
Sequence: Piano
Playing time: ~33 seconds
Notes cut: 0
Notes lost totally: 0
Playing ./reconstructed_test_train_midi/brahms/train/brahms_mono_train_50.mid
MIDI file: ./reconstructed_test_train_midi/brahms/train/brahms_mono_train_50.mid
Format: 1  Tracks: 1  Divisions: 1024
Sequence: Piano
Playing time: ~217 seconds
Notes cut: 0
Notes lost totally: 0
Playing ./reconstructed_test_train_midi/brahms/train/brahms_mono_train_51.mid
MIDI file: ./reconstructed_test_train_midi/brahms/train/brahms_mono_train_51.mid
Format: 1  Tracks: 1  Divisions: 1024
Sequence: Piano
Playing time: ~40 seconds
Notes cut: 0
Notes lost totally: 0
Playing ./reconstructed_test_train_midi/brahms/train/brahms_mono_train_52.mid
MIDI file: ./reconstructed_test_train_midi/brahms/train/brahms_mono_train_52.mid
Format: 1  Tracks: 1  Divisions: 1024
Sequence: Piano
Playing time: ~96 seconds
Notes cut: 0
Notes lost totally: 0
Playing ./reconstructed_test_train_midi/brahms/train/brahms_mono_train_53.mid
MIDI file: ./reconstructed_test_train_midi/brahms/train/brahms_mono_train_53.mid
Format: 1  Tracks: 1  Divisions: 1024
Sequence: Piano
Playing time: ~114 seconds
Notes cut: 0
Notes lost totally: 0
Playing ./reconstructed_test_train_midi/brahms/train/brahms_mono_train_54.mid
MIDI file: ./reconstructed_test_train_midi/brahms/train/brahms_mono_train_54.mid
Format: 1  Tracks: 1  Divisions: 1024
Sequence: Piano
Playing time: ~1611 seconds
Notes cut: 0
Notes lost totally: 0
Playing ./reconstructed_test_train_midi/brahms/train/brahms_mono_train_55.mid
MIDI file: ./reconstructed_test_train_midi/brahms/train/brahms_mono_train_55.mid
Format: 1  Tracks: 1  Divisions: 1024
Sequence: Piano
Playing time: ~163 seconds
Notes cut: 0
Notes lost totally: 0
Playing ./reconstructed_test_train_midi/brahms/train/brahms_mono_train_56.mid
MIDI file: ./reconstructed_test_train_midi/brahms/train/brahms_mono_train_56.mid
Format: 1  Tracks: 1  Divisions: 1024
Sequence: Piano
Playing time: ~342 seconds
Notes cut: 0
Notes lost totally: 0
Playing ./reconstructed_test_train_midi/brahms/train/brahms_mono_train_57.mid
MIDI file: ./reconstructed_test_train_midi/brahms/train/brahms_mono_train_57.mid
Format: 1  Tracks: 1  Divisions: 1024
Sequence: Piano
Playing time: ~41 seconds
Notes cut: 0
Notes lost totally: 0
Playing ./reconstructed_test_train_midi/brahms/train/brahms_mono_train_58.mid
MIDI file: ./reconstructed_test_train_midi/brahms/train/brahms_mono_train_58.mid
Format: 1  Tracks: 1  Divisions: 1024
Sequence: Piano
Playing time: ~241 seconds
Notes cut: 0
Notes lost totally: 0
Playing ./reconstructed_test_train_midi/brahms/train/brahms_mono_train_59.mid
MIDI file: ./reconstructed_test_train_midi/brahms/train/brahms_mono_train_59.mid
Format: 1  Tracks: 1  Divisions: 1024
Sequence: Piano
Playing time: ~1271 seconds
Notes cut: 0
Notes lost totally: 0
Playing ./reconstructed_test_train_midi/brahms/train/brahms_mono_train_6.mid
MIDI file: ./reconstructed_test_train_midi/brahms/train/brahms_mono_train_6.mid
Format: 1  Tracks: 1  Divisions: 1024
Sequence: Piano
Playing time: ~98 seconds
Notes cut: 0
Notes lost totally: 0
Playing ./reconstructed_test_train_midi/brahms/train/brahms_mono_train_60.mid
MIDI file: ./reconstructed_test_train_midi/brahms/train/brahms_mono_train_60.mid
Format: 1  Tracks: 1  Divisions: 1024
Sequence: Piano
Playing time: ~111 seconds
Notes cut: 0
Notes lost totally: 0
Playing ./reconstructed_test_train_midi/brahms/train/brahms_mono_train_61.mid
MIDI file: ./reconstructed_test_train_midi/brahms/train/brahms_mono_train_61.mid
Format: 1  Tracks: 1  Divisions: 1024
Sequence: Piano
Playing time: ~182 seconds
Notes cut: 0
Notes lost totally: 0
Playing ./reconstructed_test_train_midi/brahms/train/brahms_mono_train_62.mid
MIDI file: ./reconstructed_test_train_midi/brahms/train/brahms_mono_train_62.mid
Format: 1  Tracks: 1  Divisions: 1024
Sequence: Piano
Playing time: ~50 seconds
Notes cut: 0
Notes lost totally: 0
Playing ./reconstructed_test_train_midi/brahms/train/brahms_mono_train_63.mid
MIDI file: ./reconstructed_test_train_midi/brahms/train/brahms_mono_train_63.mid
Format: 1  Tracks: 1  Divisions: 1024
Sequence: Piano
Playing time: ~206 seconds
Notes cut: 0
Notes lost totally: 0
Playing ./reconstructed_test_train_midi/brahms/train/brahms_mono_train_64.mid
MIDI file: ./reconstructed_test_train_midi/brahms/train/brahms_mono_train_64.mid
Format: 1  Tracks: 1  Divisions: 1024
Sequence: Piano
Playing time: ~101 seconds
Notes cut: 0
Notes lost totally: 0
Playing ./reconstructed_test_train_midi/brahms/train/brahms_mono_train_65.mid
MIDI file: ./reconstructed_test_train_midi/brahms/train/brahms_mono_train_65.mid
Format: 1  Tracks: 1  Divisions: 1024
Sequence: Piano
Playing time: ~26 seconds
Notes cut: 0
Notes lost totally: 0
Playing ./reconstructed_test_train_midi/brahms/train/brahms_mono_train_66.mid
MIDI file: ./reconstructed_test_train_midi/brahms/train/brahms_mono_train_66.mid
Format: 1  Tracks: 1  Divisions: 1024
Sequence: Piano
Playing time: ~10 seconds
Notes cut: 0
Notes lost totally: 0
Playing ./reconstructed_test_train_midi/brahms/train/brahms_mono_train_67.mid
MIDI file: ./reconstructed_test_train_midi/brahms/train/brahms_mono_train_67.mid
Format: 1  Tracks: 1  Divisions: 1024
Sequence: Piano
Playing time: ~239 seconds
Notes cut: 0
Notes lost totally: 0
Playing ./reconstructed_test_train_midi/brahms/train/brahms_mono_train_7.mid
MIDI file: ./reconstructed_test_train_midi/brahms/train/brahms_mono_train_7.mid
Format: 1  Tracks: 1  Divisions: 1024
Sequence: Piano
Playing time: ~133 seconds
Notes cut: 0
Notes lost totally: 0
Playing ./reconstructed_test_train_midi/brahms/train/brahms_mono_train_8.mid
MIDI file: ./reconstructed_test_train_midi/brahms/train/brahms_mono_train_8.mid
Format: 1  Tracks: 1  Divisions: 1024
Sequence: Piano
Playing time: ~150 seconds
Notes cut: 0
Notes lost totally: 0
Playing ./reconstructed_test_train_midi/brahms/train/brahms_mono_train_9.mid
MIDI file: ./reconstructed_test_train_midi/brahms/train/brahms_mono_train_9.mid
Format: 1  Tracks: 1  Divisions: 1024
Sequence: Piano
Playing time: ~521 seconds
Notes cut: 0
Notes lost totally: 0
