Playing ./reconstructed_test_train_midi/handel/split/handel_mono_split_1.mid
MIDI file: ./reconstructed_test_train_midi/handel/split/handel_mono_split_1.mid
Format: 1  Tracks: 1  Divisions: 1024
Sequence: Piano
Playing time: ~49 seconds
Notes cut: 0
Notes lost totally: 0
Playing ./reconstructed_test_train_midi/handel/split/handel_mono_split_10.mid
MIDI file: ./reconstructed_test_train_midi/handel/split/handel_mono_split_10.mid
Format: 1  Tracks: 1  Divisions: 1024
Sequence: Piano
Playing time: ~158 seconds
Notes cut: 0
Notes lost totally: 0
Playing ./reconstructed_test_train_midi/handel/split/handel_mono_split_11.mid
MIDI file: ./reconstructed_test_train_midi/handel/split/handel_mono_split_11.mid
Format: 1  Tracks: 1  Divisions: 1024
Sequence: Piano
Playing time: ~16 seconds
Notes cut: 0
Notes lost totally: 0
Playing ./reconstructed_test_train_midi/handel/split/handel_mono_split_12.mid
MIDI file: ./reconstructed_test_train_midi/handel/split/handel_mono_split_12.mid
Format: 1  Tracks: 1  Divisions: 1024
Sequence: Piano
Playing time: ~77 seconds
Notes cut: 0
Notes lost totally: 0
Playing ./reconstructed_test_train_midi/handel/split/handel_mono_split_13.mid
MIDI file: ./reconstructed_test_train_midi/handel/split/handel_mono_split_13.mid
Format: 1  Tracks: 1  Divisions: 1024
Sequence: Piano
Playing time: ~34 seconds
Notes cut: 0
Notes lost totally: 0
Playing ./reconstructed_test_train_midi/handel/split/handel_mono_split_14.mid
MIDI file: ./reconstructed_test_train_midi/handel/split/handel_mono_split_14.mid
Format: 1  Tracks: 1  Divisions: 1024
Sequence: Piano
Playing time: ~12 seconds
Notes cut: 0
Notes lost totally: 0
Playing ./reconstructed_test_train_midi/handel/split/handel_mono_split_15.mid
MIDI file: ./reconstructed_test_train_midi/handel/split/handel_mono_split_15.mid
Format: 1  Tracks: 1  Divisions: 1024
Sequence: Piano
Playing time: ~46 seconds
Notes cut: 0
Notes lost totally: 0
Playing ./reconstructed_test_train_midi/handel/split/handel_mono_split_16.mid
MIDI file: ./reconstructed_test_train_midi/handel/split/handel_mono_split_16.mid
Format: 1  Tracks: 1  Divisions: 1024
Sequence: Piano
Playing time: ~43 seconds
Notes cut: 0
Notes lost totally: 0
Playing ./reconstructed_test_train_midi/handel/split/handel_mono_split_17.mid
MIDI file: ./reconstructed_test_train_midi/handel/split/handel_mono_split_17.mid
Format: 1  Tracks: 1  Divisions: 1024
Sequence: Piano
Playing time: ~19 seconds
Notes cut: 0
Notes lost totally: 0
Playing ./reconstructed_test_train_midi/handel/split/handel_mono_split_18.mid
MIDI file: ./reconstructed_test_train_midi/handel/split/handel_mono_split_18.mid
Format: 1  Tracks: 1  Divisions: 1024
Sequence: Piano
Playing time: ~51 seconds
Notes cut: 0
Notes lost totally: 0
Playing ./reconstructed_test_train_midi/handel/split/handel_mono_split_2.mid
MIDI file: ./reconstructed_test_train_midi/handel/split/handel_mono_split_2.mid
Format: 1  Tracks: 1  Divisions: 1024
Sequence: Piano
Playing time: ~24 seconds
Notes cut: 0
Notes lost totally: 0
Playing ./reconstructed_test_train_midi/handel/split/handel_mono_split_3.mid
MIDI file: ./reconstructed_test_train_midi/handel/split/handel_mono_split_3.mid
Format: 1  Tracks: 1  Divisions: 1024
Sequence: Piano
Playing time: ~38 seconds
Notes cut: 0
Notes lost totally: 0
Playing ./reconstructed_test_train_midi/handel/split/handel_mono_split_4.mid
MIDI file: ./reconstructed_test_train_midi/handel/split/handel_mono_split_4.mid
Format: 1  Tracks: 1  Divisions: 1024
Sequence: Piano
Playing time: ~186 seconds
Notes cut: 0
Notes lost totally: 0
Playing ./reconstructed_test_train_midi/handel/split/handel_mono_split_5.mid
MIDI file: ./reconstructed_test_train_midi/handel/split/handel_mono_split_5.mid
Format: 1  Tracks: 1  Divisions: 1024
Sequence: Piano
Playing time: ~71 seconds
Notes cut: 0
Notes lost totally: 0
Playing ./reconstructed_test_train_midi/handel/split/handel_mono_split_6.mid
MIDI file: ./reconstructed_test_train_midi/handel/split/handel_mono_split_6.mid
Format: 1  Tracks: 1  Divisions: 1024
Sequence: Piano
Playing time: ~110 seconds
Notes cut: 0
Notes lost totally: 0
Playing ./reconstructed_test_train_midi/handel/split/handel_mono_split_7.mid
MIDI file: ./reconstructed_test_train_midi/handel/split/handel_mono_split_7.mid
Format: 1  Tracks: 1  Divisions: 1024
Sequence: Piano
Playing time: ~20 seconds
Notes cut: 0
Notes lost totally: 0
Playing ./reconstructed_test_train_midi/handel/split/handel_mono_split_8.mid
MIDI file: ./reconstructed_test_train_midi/handel/split/handel_mono_split_8.mid
Format: 1  Tracks: 1  Divisions: 1024
Sequence: Piano
Playing time: ~16 seconds
Notes cut: 0
Notes lost totally: 0
Playing ./reconstructed_test_train_midi/handel/split/handel_mono_split_9.mid
MIDI file: ./reconstructed_test_train_midi/handel/split/handel_mono_split_9.mid
Format: 1  Tracks: 1  Divisions: 1024
Sequence: Piano
Playing time: ~25 seconds
Notes cut: 0
Notes lost totally: 0
