Playing ./reconstructed_test_train_midi/beethoven/split/beethoven_mono_split_1.mid
MIDI file: ./reconstructed_test_train_midi/beethoven/split/beethoven_mono_split_1.mid
Format: 1  Tracks: 1  Divisions: 1024
Sequence: Piano
Playing time: ~10 seconds
Notes cut: 0
Notes lost totally: 0
Playing ./reconstructed_test_train_midi/beethoven/split/beethoven_mono_split_10.mid
MIDI file: ./reconstructed_test_train_midi/beethoven/split/beethoven_mono_split_10.mid
Format: 1  Tracks: 1  Divisions: 1024
Sequence: Piano
Playing time: ~448 seconds
Notes cut: 0
Notes lost totally: 0
Playing ./reconstructed_test_train_midi/beethoven/split/beethoven_mono_split_11.mid
MIDI file: ./reconstructed_test_train_midi/beethoven/split/beethoven_mono_split_11.mid
Format: 1  Tracks: 1  Divisions: 1024
Sequence: Piano
Playing time: ~20 seconds
Notes cut: 0
Notes lost totally: 0
Playing ./reconstructed_test_train_midi/beethoven/split/beethoven_mono_split_12.mid
MIDI file: ./reconstructed_test_train_midi/beethoven/split/beethoven_mono_split_12.mid
Format: 1  Tracks: 1  Divisions: 1024
Sequence: Piano
No pre-resampling cache hit
Playing time: ~3 seconds
Notes cut: 0
Notes lost totally: 0
Playing ./reconstructed_test_train_midi/beethoven/split/beethoven_mono_split_13.mid
MIDI file: ./reconstructed_test_train_midi/beethoven/split/beethoven_mono_split_13.mid
Format: 1  Tracks: 1  Divisions: 1024
Sequence: Piano
Playing time: ~35 seconds
Notes cut: 0
Notes lost totally: 0
Playing ./reconstructed_test_train_midi/beethoven/split/beethoven_mono_split_14.mid
MIDI file: ./reconstructed_test_train_midi/beethoven/split/beethoven_mono_split_14.mid
Format: 1  Tracks: 1  Divisions: 1024
Sequence: Piano
Playing time: ~6 seconds
Notes cut: 0
Notes lost totally: 0
Playing ./reconstructed_test_train_midi/beethoven/split/beethoven_mono_split_15.mid
MIDI file: ./reconstructed_test_train_midi/beethoven/split/beethoven_mono_split_15.mid
Format: 1  Tracks: 1  Divisions: 1024
Sequence: Piano
Playing time: ~10 seconds
Notes cut: 0
Notes lost totally: 0
Playing ./reconstructed_test_train_midi/beethoven/split/beethoven_mono_split_16.mid
MIDI file: ./reconstructed_test_train_midi/beethoven/split/beethoven_mono_split_16.mid
Format: 1  Tracks: 1  Divisions: 1024
Sequence: Piano
Playing time: ~6 seconds
Notes cut: 0
Notes lost totally: 0
Playing ./reconstructed_test_train_midi/beethoven/split/beethoven_mono_split_17.mid
MIDI file: ./reconstructed_test_train_midi/beethoven/split/beethoven_mono_split_17.mid
Format: 1  Tracks: 1  Divisions: 1024
Sequence: Piano
Playing time: ~174 seconds
Notes cut: 0
Notes lost totally: 0
Playing ./reconstructed_test_train_midi/beethoven/split/beethoven_mono_split_18.mid
MIDI file: ./reconstructed_test_train_midi/beethoven/split/beethoven_mono_split_18.mid
Format: 1  Tracks: 1  Divisions: 1024
Sequence: Piano
Playing time: ~190 seconds
Notes cut: 0
Notes lost totally: 0
Playing ./reconstructed_test_train_midi/beethoven/split/beethoven_mono_split_19.mid
MIDI file: ./reconstructed_test_train_midi/beethoven/split/beethoven_mono_split_19.mid
Format: 1  Tracks: 1  Divisions: 1024
Sequence: Piano
Playing time: ~124 seconds
Notes cut: 0
Notes lost totally: 0
Playing ./reconstructed_test_train_midi/beethoven/split/beethoven_mono_split_2.mid
MIDI file: ./reconstructed_test_train_midi/beethoven/split/beethoven_mono_split_2.mid
Format: 1  Tracks: 1  Divisions: 1024
Sequence: Piano
Playing time: ~6 seconds
Notes cut: 0
Notes lost totally: 0
Playing ./reconstructed_test_train_midi/beethoven/split/beethoven_mono_split_20.mid
MIDI file: ./reconstructed_test_train_midi/beethoven/split/beethoven_mono_split_20.mid
Format: 1  Tracks: 1  Divisions: 1024
Sequence: Piano
Playing time: ~48 seconds
Notes cut: 0
Notes lost totally: 0
Playing ./reconstructed_test_train_midi/beethoven/split/beethoven_mono_split_3.mid
MIDI file: ./reconstructed_test_train_midi/beethoven/split/beethoven_mono_split_3.mid
Format: 1  Tracks: 1  Divisions: 1024
Sequence: Piano
Playing time: ~142 seconds
Notes cut: 0
Notes lost totally: 0
Playing ./reconstructed_test_train_midi/beethoven/split/beethoven_mono_split_4.mid
MIDI file: ./reconstructed_test_train_midi/beethoven/split/beethoven_mono_split_4.mid
Format: 1  Tracks: 1  Divisions: 1024
Sequence: Piano
Playing time: ~75 seconds
Notes cut: 0
Notes lost totally: 0
Playing ./reconstructed_test_train_midi/beethoven/split/beethoven_mono_split_5.mid
MIDI file: ./reconstructed_test_train_midi/beethoven/split/beethoven_mono_split_5.mid
Format: 1  Tracks: 1  Divisions: 1024
Sequence: Piano
Playing time: ~7 seconds
Notes cut: 0
Notes lost totally: 0
Playing ./reconstructed_test_train_midi/beethoven/split/beethoven_mono_split_6.mid
MIDI file: ./reconstructed_test_train_midi/beethoven/split/beethoven_mono_split_6.mid
Format: 1  Tracks: 1  Divisions: 1024
Sequence: Piano
Playing time: ~7 seconds
Notes cut: 0
Notes lost totally: 0
Playing ./reconstructed_test_train_midi/beethoven/split/beethoven_mono_split_7.mid
MIDI file: ./reconstructed_test_train_midi/beethoven/split/beethoven_mono_split_7.mid
Format: 1  Tracks: 1  Divisions: 1024
Sequence: Piano
Playing time: ~163 seconds
Notes cut: 0
Notes lost totally: 0
Playing ./reconstructed_test_train_midi/beethoven/split/beethoven_mono_split_8.mid
MIDI file: ./reconstructed_test_train_midi/beethoven/split/beethoven_mono_split_8.mid
Format: 1  Tracks: 1  Divisions: 1024
Sequence: Piano
Playing time: ~15 seconds
Notes cut: 0
Notes lost totally: 0
Playing ./reconstructed_test_train_midi/beethoven/split/beethoven_mono_split_9.mid
MIDI file: ./reconstructed_test_train_midi/beethoven/split/beethoven_mono_split_9.mid
Format: 1  Tracks: 1  Divisions: 1024
Sequence: Piano
Playing time: ~106 seconds
Notes cut: 0
Notes lost totally: 0
