Playing ./reconstructed_test_train_midi/mozart/split/mozart_mono_split_1.mid
MIDI file: ./reconstructed_test_train_midi/mozart/split/mozart_mono_split_1.mid
Format: 1  Tracks: 1  Divisions: 1024
Sequence: Piano
Playing time: ~173 seconds
Notes cut: 0
Notes lost totally: 0
Playing ./reconstructed_test_train_midi/mozart/split/mozart_mono_split_10.mid
MIDI file: ./reconstructed_test_train_midi/mozart/split/mozart_mono_split_10.mid
Format: 1  Tracks: 1  Divisions: 1024
Sequence: Piano
Playing time: ~67 seconds
Notes cut: 0
Notes lost totally: 0
Playing ./reconstructed_test_train_midi/mozart/split/mozart_mono_split_11.mid
MIDI file: ./reconstructed_test_train_midi/mozart/split/mozart_mono_split_11.mid
Format: 1  Tracks: 1  Divisions: 1024
Sequence: Piano
Playing time: ~34 seconds
Notes cut: 0
Notes lost totally: 0
Playing ./reconstructed_test_train_midi/mozart/split/mozart_mono_split_12.mid
MIDI file: ./reconstructed_test_train_midi/mozart/split/mozart_mono_split_12.mid
Format: 1  Tracks: 1  Divisions: 1024
Sequence: Piano
Playing time: ~65 seconds
Notes cut: 0
Notes lost totally: 0
Playing ./reconstructed_test_train_midi/mozart/split/mozart_mono_split_13.mid
MIDI file: ./reconstructed_test_train_midi/mozart/split/mozart_mono_split_13.mid
Format: 1  Tracks: 1  Divisions: 1024
Sequence: Piano
Playing time: ~164 seconds
Notes cut: 0
Notes lost totally: 0
Playing ./reconstructed_test_train_midi/mozart/split/mozart_mono_split_14.mid
MIDI file: ./reconstructed_test_train_midi/mozart/split/mozart_mono_split_14.mid
Format: 1  Tracks: 1  Divisions: 1024
Sequence: Piano
Playing time: ~54 seconds
Notes cut: 0
Notes lost totally: 0
Playing ./reconstructed_test_train_midi/mozart/split/mozart_mono_split_15.mid
MIDI file: ./reconstructed_test_train_midi/mozart/split/mozart_mono_split_15.mid
Format: 1  Tracks: 1  Divisions: 1024
Sequence: Piano
Playing time: ~27 seconds
Notes cut: 0
Notes lost totally: 0
Playing ./reconstructed_test_train_midi/mozart/split/mozart_mono_split_2.mid
MIDI file: ./reconstructed_test_train_midi/mozart/split/mozart_mono_split_2.mid
Format: 1  Tracks: 1  Divisions: 1024
Sequence: Piano
Playing time: ~34 seconds
Notes cut: 0
Notes lost totally: 0
Playing ./reconstructed_test_train_midi/mozart/split/mozart_mono_split_3.mid
MIDI file: ./reconstructed_test_train_midi/mozart/split/mozart_mono_split_3.mid
Format: 1  Tracks: 1  Divisions: 1024
Sequence: Piano
Playing time: ~164 seconds
Notes cut: 0
Notes lost totally: 0
Playing ./reconstructed_test_train_midi/mozart/split/mozart_mono_split_4.mid
MIDI file: ./reconstructed_test_train_midi/mozart/split/mozart_mono_split_4.mid
Format: 1  Tracks: 1  Divisions: 1024
Sequence: Piano
Playing time: ~45 seconds
Notes cut: 0
Notes lost totally: 0
Playing ./reconstructed_test_train_midi/mozart/split/mozart_mono_split_5.mid
MIDI file: ./reconstructed_test_train_midi/mozart/split/mozart_mono_split_5.mid
Format: 1  Tracks: 1  Divisions: 1024
Sequence: Piano
Playing time: ~136 seconds
Notes cut: 0
Notes lost totally: 0
Playing ./reconstructed_test_train_midi/mozart/split/mozart_mono_split_6.mid
MIDI file: ./reconstructed_test_train_midi/mozart/split/mozart_mono_split_6.mid
Format: 1  Tracks: 1  Divisions: 1024
Sequence: Piano
Playing time: ~247 seconds
Notes cut: 0
Notes lost totally: 0
Playing ./reconstructed_test_train_midi/mozart/split/mozart_mono_split_7.mid
MIDI file: ./reconstructed_test_train_midi/mozart/split/mozart_mono_split_7.mid
Format: 1  Tracks: 1  Divisions: 1024
Sequence: Piano
Playing time: ~154 seconds
Notes cut: 0
Notes lost totally: 0
Playing ./reconstructed_test_train_midi/mozart/split/mozart_mono_split_8.mid
MIDI file: ./reconstructed_test_train_midi/mozart/split/mozart_mono_split_8.mid
Format: 1  Tracks: 1  Divisions: 1024
Sequence: Piano
Playing time: ~32 seconds
Notes cut: 0
Notes lost totally: 0
Playing ./reconstructed_test_train_midi/mozart/split/mozart_mono_split_9.mid
MIDI file: ./reconstructed_test_train_midi/mozart/split/mozart_mono_split_9.mid
Format: 1  Tracks: 1  Divisions: 1024
Sequence: Piano
Playing time: ~47 seconds
Notes cut: 0
Notes lost totally: 0
